  [1m[36m (599.8ms)[0m  [1mCREATE DATABASE "rack-cas-client_development" ENCODING = 'unicode'[0m
  [1m[36m (68.9ms)[0m  [1mCREATE TABLE "schema_migrations" ("version" character varying NOT NULL) [0m
  [1m[35m (71.6ms)[0m  CREATE UNIQUE INDEX  "unique_schema_migrations" ON "schema_migrations"  ("version")
  [1m[36mActiveRecord::SchemaMigration Load (0.5ms)[0m  [1mSELECT "schema_migrations".* FROM "schema_migrations"[0m
Migrating to CreateRackCasSessions (20150730063029)
  [1m[35m (0.2ms)[0m  BEGIN
DEPRECATION WARNING: `#timestamps` was called without specifying an option for `null`. In Rails 5, this behavior will change to `null: false`. You should manually specify `null: true` to prevent the behavior of your existing migrations from changing. (called from block in up at /home/sunil/rack-cas-client/db/migrate/20150730063029_create_rack_cas_sessions.rb:7)
  [1m[36m (87.2ms)[0m  [1mCREATE TABLE "sessions" ("id" serial primary key, "session_id" character varying NOT NULL, "cas_ticket" character varying, "data" text, "created_at" timestamp, "updated_at" timestamp) [0m
  [1m[35m (38.5ms)[0m  CREATE  INDEX  "index_sessions_on_session_id" ON "sessions"  ("session_id")
  [1m[36m (65.4ms)[0m  [1mCREATE  INDEX  "index_sessions_on_cas_ticket" ON "sessions"  ("cas_ticket")[0m
  [1m[35m (40.5ms)[0m  CREATE  INDEX  "index_sessions_on_updated_at" ON "sessions"  ("updated_at")
  [1m[36mSQL (0.2ms)[0m  [1mINSERT INTO "schema_migrations" ("version") VALUES ($1)[0m  [["version", "20150730063029"]]
  [1m[35m (20.6ms)[0m  COMMIT
  [1m[36mActiveRecord::SchemaMigration Load (0.2ms)[0m  [1mSELECT "schema_migrations".* FROM "schema_migrations"[0m
  [1m[35m (2.2ms)[0m  SELECT t2.oid::regclass::text AS to_table, a1.attname AS column, a2.attname AS primary_key, c.conname AS name, c.confupdtype AS on_update, c.confdeltype AS on_delete
FROM pg_constraint c
JOIN pg_class t1 ON c.conrelid = t1.oid
JOIN pg_class t2 ON c.confrelid = t2.oid
JOIN pg_attribute a1 ON a1.attnum = c.conkey[1] AND a1.attrelid = t1.oid
JOIN pg_attribute a2 ON a2.attnum = c.confkey[1] AND a2.attrelid = t2.oid
JOIN pg_namespace t3 ON c.connamespace = t3.oid
WHERE c.contype = 'f'
  AND t1.relname = 'sessions'
  AND t3.nspname = ANY (current_schemas(false))
ORDER BY c.conname



Started GET "/" for 127.0.0.1 at 2015-07-30 12:02:55 +0530
  [1m[36mActiveRecord::SchemaMigration Load (0.3ms)[0m  [1mSELECT "schema_migrations".* FROM "schema_migrations"[0m
Processing by Rails::WelcomeController#index as HTML
  Rendered /home/sunil/.rvm/gems/ruby-2.1.5/gems/railties-4.2.3/lib/rails/templates/rails/welcome/index.html.erb (1.0ms)
Completed 200 OK in 5ms (Views: 4.4ms | ActiveRecord: 0.0ms)


Started GET "/login" for 127.0.0.1 at 2015-07-30 12:03:11 +0530

ActionController::RoutingError (No route matches [GET] "/login"):
  actionpack (4.2.3) lib/action_dispatch/middleware/debug_exceptions.rb:21:in `call'
  web-console (2.2.1) lib/web_console/middleware.rb:39:in `call'
  actionpack (4.2.3) lib/action_dispatch/middleware/show_exceptions.rb:30:in `call'
  railties (4.2.3) lib/rails/rack/logger.rb:38:in `call_app'
  railties (4.2.3) lib/rails/rack/logger.rb:20:in `block in call'
  activesupport (4.2.3) lib/active_support/tagged_logging.rb:68:in `block in tagged'
  activesupport (4.2.3) lib/active_support/tagged_logging.rb:26:in `tagged'
  activesupport (4.2.3) lib/active_support/tagged_logging.rb:68:in `tagged'
  railties (4.2.3) lib/rails/rack/logger.rb:20:in `call'
  actionpack (4.2.3) lib/action_dispatch/middleware/request_id.rb:21:in `call'
  rack (1.6.4) lib/rack/methodoverride.rb:22:in `call'
  rack (1.6.4) lib/rack/runtime.rb:18:in `call'
  activesupport (4.2.3) lib/active_support/cache/strategy/local_cache_middleware.rb:28:in `call'
  rack (1.6.4) lib/rack/lock.rb:17:in `call'
  actionpack (4.2.3) lib/action_dispatch/middleware/static.rb:116:in `call'
  rack (1.6.4) lib/rack/sendfile.rb:113:in `call'
  railties (4.2.3) lib/rails/engine.rb:518:in `call'
  railties (4.2.3) lib/rails/application.rb:165:in `call'
  rack (1.6.4) lib/rack/lock.rb:17:in `call'
  rack (1.6.4) lib/rack/content_length.rb:15:in `call'
  rack (1.6.4) lib/rack/handler/webrick.rb:88:in `service'
  /home/sunil/.rvm/rubies/ruby-2.1.5/lib/ruby/2.1.0/webrick/httpserver.rb:138:in `service'
  /home/sunil/.rvm/rubies/ruby-2.1.5/lib/ruby/2.1.0/webrick/httpserver.rb:94:in `run'
  /home/sunil/.rvm/rubies/ruby-2.1.5/lib/ruby/2.1.0/webrick/server.rb:295:in `block in start_thread'


  Rendered /home/sunil/.rvm/gems/ruby-2.1.5/gems/actionpack-4.2.3/lib/action_dispatch/middleware/templates/rescues/_trace.html.erb (1.7ms)
  Rendered /home/sunil/.rvm/gems/ruby-2.1.5/gems/actionpack-4.2.3/lib/action_dispatch/middleware/templates/routes/_table.html.erb (4.4ms)
  Rendered /home/sunil/.rvm/gems/ruby-2.1.5/gems/actionpack-4.2.3/lib/action_dispatch/middleware/templates/rescues/_request_and_response.html.erb (0.6ms)
  Rendered /home/sunil/.rvm/gems/ruby-2.1.5/gems/actionpack-4.2.3/lib/action_dispatch/middleware/templates/rescues/routing_error.html.erb within rescues/layout (19.4ms)
  Rendered /home/sunil/.rvm/gems/ruby-2.1.5/gems/web-console-2.2.1/lib/web_console/templates/_markup.html.erb (0.2ms)
  Rendered /home/sunil/.rvm/gems/ruby-2.1.5/gems/web-console-2.2.1/lib/web_console/templates/_inner_console_markup.html.erb within layouts/inlined_string (0.2ms)
  Rendered /home/sunil/.rvm/gems/ruby-2.1.5/gems/web-console-2.2.1/lib/web_console/templates/_prompt_box_markup.html.erb within layouts/inlined_string (0.1ms)
  Rendered /home/sunil/.rvm/gems/ruby-2.1.5/gems/web-console-2.2.1/lib/web_console/templates/style.css.erb within layouts/inlined_string (0.2ms)
  Rendered /home/sunil/.rvm/gems/ruby-2.1.5/gems/web-console-2.2.1/lib/web_console/templates/console.js.erb within layouts/javascript (7.0ms)
  Rendered /home/sunil/.rvm/gems/ruby-2.1.5/gems/web-console-2.2.1/lib/web_console/templates/main.js.erb within layouts/javascript (0.1ms)
  Rendered /home/sunil/.rvm/gems/ruby-2.1.5/gems/web-console-2.2.1/lib/web_console/templates/error_page.js.erb within layouts/javascript (0.2ms)
  Rendered /home/sunil/.rvm/gems/ruby-2.1.5/gems/web-console-2.2.1/lib/web_console/templates/index.html.erb (14.7ms)


Started GET "/" for 127.0.0.1 at 2015-07-30 12:03:28 +0530
Processing by Rails::WelcomeController#index as HTML
  Rendered /home/sunil/.rvm/gems/ruby-2.1.5/gems/railties-4.2.3/lib/rails/templates/rails/welcome/index.html.erb (0.0ms)
Completed 200 OK in 1ms (Views: 0.5ms | ActiveRecord: 0.0ms)


Started GET "/" for 127.0.0.1 at 2015-07-30 12:03:35 +0530
Processing by Rails::WelcomeController#index as HTML
  Rendered /home/sunil/.rvm/gems/ruby-2.1.5/gems/railties-4.2.3/lib/rails/templates/rails/welcome/index.html.erb (0.1ms)
Completed 200 OK in 2ms (Views: 1.2ms | ActiveRecord: 0.0ms)


Started GET "/" for 127.0.0.1 at 2015-07-30 12:04:15 +0530
  [1m[36mActiveRecord::SchemaMigration Load (0.4ms)[0m  [1mSELECT "schema_migrations".* FROM "schema_migrations"[0m
Processing by HomeController#index as HTML
  Rendered home/index.html.erb within layouts/application (0.6ms)
Completed 200 OK in 491ms (Views: 490.8ms | ActiveRecord: 0.0ms)
  [1m[35mRackCAS::ActiveRecordStore::Session Load (0.3ms)[0m  SELECT  "sessions".* FROM "sessions" WHERE "sessions"."session_id" = $1  ORDER BY "sessions"."id" ASC LIMIT 1  [["session_id", "df064e40fb2e9e325b77ee5c26ea093a"]]
  [1m[36m (0.1ms)[0m  [1mBEGIN[0m
  [1m[35mSQL (0.4ms)[0m  INSERT INTO "sessions" ("session_id", "data", "created_at", "updated_at") VALUES ($1, $2, $3, $4) RETURNING "id"  [["session_id", "df064e40fb2e9e325b77ee5c26ea093a"], ["data", "BAh7BkkiEF9jc3JmX3Rva2VuBjoGRUZJIjEzWjNjeXhqaGhwVE9qUS82emJX\nUXpGRzNVN1hTK2cybzlTSGllYXNpNC9VPQY7AEY=\n"], ["created_at", "2015-07-30 06:34:15.949555"], ["updated_at", "2015-07-30 06:34:15.949555"]]
  [1m[36m (19.1ms)[0m  [1mCOMMIT[0m


Started GET "/assets/home.self-e3b0c44298fc1c149afbf4c8996fb92427ae41e4649b934ca495991b7852b855.css?body=1" for 127.0.0.1 at 2015-07-30 12:04:15 +0530


Started GET "/assets/jquery.self-d03a5518f45df77341bdbe6201ba3bfa547ebba8ed64f0ea56bfa5f96ea7c074.js?body=1" for 127.0.0.1 at 2015-07-30 12:04:15 +0530


Started GET "/assets/jquery_ujs.self-ca5248a2fad13d6bd58ea121318d642f195f0b2dd818b30615f785ff365e8d1f.js?body=1" for 127.0.0.1 at 2015-07-30 12:04:16 +0530


Started GET "/assets/application.self-e80e8f2318043e8af94dddc2adad5a4f09739a8ebb323b3ab31cd71d45fd9113.css?body=1" for 127.0.0.1 at 2015-07-30 12:04:16 +0530


Started GET "/assets/application.self-3b8dabdc891efe46b9a144b400ad69e37d7e5876bdc39dee783419a69d7ca819.js?body=1" for 127.0.0.1 at 2015-07-30 12:04:16 +0530


Started GET "/assets/turbolinks.self-c37727e9bd6b2735da5c311aa83fead54ed0be6cc8bd9a65309e9c5abe2cbfff.js?body=1" for 127.0.0.1 at 2015-07-30 12:04:16 +0530


Started GET "/assets/home.self-877aef30ae1b040ab8a3aba4e3e309a11d7f2612f44dde450b5c157aa5f95c05.js?body=1" for 127.0.0.1 at 2015-07-30 12:04:16 +0530


Started GET "/" for 127.0.0.1 at 2015-07-30 12:04:18 +0530
Processing by HomeController#index as HTML
  [1m[35mRackCAS::ActiveRecordStore::Session Load (0.4ms)[0m  SELECT  "sessions".* FROM "sessions" WHERE "sessions"."session_id" = $1  ORDER BY "sessions"."id" ASC LIMIT 1  [["session_id", "df064e40fb2e9e325b77ee5c26ea093a"]]
  Rendered home/index.html.erb within layouts/application (0.1ms)
Completed 200 OK in 16ms (Views: 14.4ms | ActiveRecord: 0.4ms)
  [1m[36mCACHE (0.0ms)[0m  [1mSELECT  "sessions".* FROM "sessions" WHERE "sessions"."session_id" = $1  ORDER BY "sessions"."id" ASC LIMIT 1[0m  [["session_id", "df064e40fb2e9e325b77ee5c26ea093a"]]
  [1m[35m (0.1ms)[0m  BEGIN
  [1m[36m (0.2ms)[0m  [1mCOMMIT[0m


Started GET "/assets/home.self-e3b0c44298fc1c149afbf4c8996fb92427ae41e4649b934ca495991b7852b855.css?body=1" for 127.0.0.1 at 2015-07-30 12:04:18 +0530


Started GET "/assets/application.self-e80e8f2318043e8af94dddc2adad5a4f09739a8ebb323b3ab31cd71d45fd9113.css?body=1" for 127.0.0.1 at 2015-07-30 12:04:18 +0530


Started GET "/assets/jquery.self-d03a5518f45df77341bdbe6201ba3bfa547ebba8ed64f0ea56bfa5f96ea7c074.js?body=1" for 127.0.0.1 at 2015-07-30 12:04:18 +0530


Started GET "/assets/turbolinks.self-c37727e9bd6b2735da5c311aa83fead54ed0be6cc8bd9a65309e9c5abe2cbfff.js?body=1" for 127.0.0.1 at 2015-07-30 12:04:18 +0530


Started GET "/assets/jquery_ujs.self-ca5248a2fad13d6bd58ea121318d642f195f0b2dd818b30615f785ff365e8d1f.js?body=1" for 127.0.0.1 at 2015-07-30 12:04:18 +0530


Started GET "/assets/home.self-877aef30ae1b040ab8a3aba4e3e309a11d7f2612f44dde450b5c157aa5f95c05.js?body=1" for 127.0.0.1 at 2015-07-30 12:04:18 +0530


Started GET "/assets/application.self-3b8dabdc891efe46b9a144b400ad69e37d7e5876bdc39dee783419a69d7ca819.js?body=1" for 127.0.0.1 at 2015-07-30 12:04:18 +0530


Started GET "/" for 127.0.0.1 at 2015-07-30 12:05:16 +0530
  [1m[36mActiveRecord::SchemaMigration Load (0.2ms)[0m  [1mSELECT "schema_migrations".* FROM "schema_migrations"[0m
Processing by HomeController#index as HTML
  [1m[35mRackCAS::ActiveRecordStore::Session Load (0.3ms)[0m  SELECT  "sessions".* FROM "sessions" WHERE "sessions"."session_id" = $1  ORDER BY "sessions"."id" ASC LIMIT 1  [["session_id", "df064e40fb2e9e325b77ee5c26ea093a"]]
  Rendered home/index.html.erb within layouts/application (0.6ms)
Completed 200 OK in 122ms (Views: 112.2ms | ActiveRecord: 2.2ms)
  [1m[36mCACHE (0.0ms)[0m  [1mSELECT  "sessions".* FROM "sessions" WHERE "sessions"."session_id" = $1  ORDER BY "sessions"."id" ASC LIMIT 1[0m  [["session_id", "df064e40fb2e9e325b77ee5c26ea093a"]]
  [1m[35m (0.1ms)[0m  BEGIN
  [1m[36m (0.1ms)[0m  [1mCOMMIT[0m


Started GET "/assets/home.self-e3b0c44298fc1c149afbf4c8996fb92427ae41e4649b934ca495991b7852b855.css?body=1" for 127.0.0.1 at 2015-07-30 12:05:16 +0530


Started GET "/assets/jquery_ujs.self-ca5248a2fad13d6bd58ea121318d642f195f0b2dd818b30615f785ff365e8d1f.js?body=1" for 127.0.0.1 at 2015-07-30 12:05:16 +0530


Started GET "/assets/jquery.self-d03a5518f45df77341bdbe6201ba3bfa547ebba8ed64f0ea56bfa5f96ea7c074.js?body=1" for 127.0.0.1 at 2015-07-30 12:05:16 +0530


Started GET "/assets/home.self-877aef30ae1b040ab8a3aba4e3e309a11d7f2612f44dde450b5c157aa5f95c05.js?body=1" for 127.0.0.1 at 2015-07-30 12:05:16 +0530


Started GET "/assets/application.self-3b8dabdc891efe46b9a144b400ad69e37d7e5876bdc39dee783419a69d7ca819.js?body=1" for 127.0.0.1 at 2015-07-30 12:05:16 +0530


Started GET "/assets/turbolinks.self-c37727e9bd6b2735da5c311aa83fead54ed0be6cc8bd9a65309e9c5abe2cbfff.js?body=1" for 127.0.0.1 at 2015-07-30 12:05:16 +0530


Started GET "/assets/application.self-e80e8f2318043e8af94dddc2adad5a4f09739a8ebb323b3ab31cd71d45fd9113.css?body=1" for 127.0.0.1 at 2015-07-30 12:05:16 +0530
  [1m[36mActiveRecord::SchemaMigration Load (0.2ms)[0m  [1mSELECT "schema_migrations".* FROM "schema_migrations"[0m
Migrating to DeviseCreateUsers (20150730063542)
  [1m[35m (0.1ms)[0m  BEGIN
  [1m[36m (87.2ms)[0m  [1mCREATE TABLE "users" ("id" serial primary key, "email" character varying DEFAULT '' NOT NULL, "encrypted_password" character varying DEFAULT '' NOT NULL, "reset_password_token" character varying, "reset_password_sent_at" timestamp, "remember_created_at" timestamp, "sign_in_count" integer DEFAULT 0 NOT NULL, "current_sign_in_at" timestamp, "last_sign_in_at" timestamp, "current_sign_in_ip" inet, "last_sign_in_ip" inet, "created_at" timestamp NOT NULL, "updated_at" timestamp NOT NULL) [0m
  [1m[35m (40.4ms)[0m  CREATE UNIQUE INDEX  "index_users_on_email" ON "users"  ("email")
  [1m[36m (40.8ms)[0m  [1mCREATE UNIQUE INDEX  "index_users_on_reset_password_token" ON "users"  ("reset_password_token")[0m
  [1m[35mSQL (0.1ms)[0m  INSERT INTO "schema_migrations" ("version") VALUES ($1)  [["version", "20150730063542"]]
  [1m[36m (17.8ms)[0m  [1mCOMMIT[0m
  [1m[35mActiveRecord::SchemaMigration Load (0.1ms)[0m  SELECT "schema_migrations".* FROM "schema_migrations"
  [1m[36m (1.3ms)[0m  [1mSELECT t2.oid::regclass::text AS to_table, a1.attname AS column, a2.attname AS primary_key, c.conname AS name, c.confupdtype AS on_update, c.confdeltype AS on_delete
FROM pg_constraint c
JOIN pg_class t1 ON c.conrelid = t1.oid
JOIN pg_class t2 ON c.confrelid = t2.oid
JOIN pg_attribute a1 ON a1.attnum = c.conkey[1] AND a1.attrelid = t1.oid
JOIN pg_attribute a2 ON a2.attnum = c.confkey[1] AND a2.attrelid = t2.oid
JOIN pg_namespace t3 ON c.connamespace = t3.oid
WHERE c.contype = 'f'
  AND t1.relname = 'sessions'
  AND t3.nspname = ANY (current_schemas(false))
ORDER BY c.conname
[0m
  [1m[35m (1.2ms)[0m  SELECT t2.oid::regclass::text AS to_table, a1.attname AS column, a2.attname AS primary_key, c.conname AS name, c.confupdtype AS on_update, c.confdeltype AS on_delete
FROM pg_constraint c
JOIN pg_class t1 ON c.conrelid = t1.oid
JOIN pg_class t2 ON c.confrelid = t2.oid
JOIN pg_attribute a1 ON a1.attnum = c.conkey[1] AND a1.attrelid = t1.oid
JOIN pg_attribute a2 ON a2.attnum = c.confkey[1] AND a2.attrelid = t2.oid
JOIN pg_namespace t3 ON c.connamespace = t3.oid
WHERE c.contype = 'f'
  AND t1.relname = 'users'
  AND t3.nspname = ANY (current_schemas(false))
ORDER BY c.conname



Started GET "/" for 127.0.0.1 at 2015-07-30 12:06:34 +0530
  [1m[36mActiveRecord::SchemaMigration Load (0.2ms)[0m  [1mSELECT "schema_migrations".* FROM "schema_migrations"[0m
Processing by HomeController#index as HTML
  [1m[35mRackCAS::ActiveRecordStore::Session Load (0.4ms)[0m  SELECT  "sessions".* FROM "sessions" WHERE "sessions"."session_id" = $1  ORDER BY "sessions"."id" ASC LIMIT 1  [["session_id", "df064e40fb2e9e325b77ee5c26ea093a"]]
Completed 401 Unauthorized in 17ms (ActiveRecord: 2.3ms)
  [1m[36mCACHE (0.0ms)[0m  [1mSELECT  "sessions".* FROM "sessions" WHERE "sessions"."session_id" = $1  ORDER BY "sessions"."id" ASC LIMIT 1[0m  [["session_id", "df064e40fb2e9e325b77ee5c26ea093a"]]
  [1m[35m (0.1ms)[0m  BEGIN
  [1m[36mSQL (0.2ms)[0m  [1mUPDATE "sessions" SET "data" = $1, "updated_at" = $2 WHERE "sessions"."id" = $3[0m  [["data", "BAh7CEkiEF9jc3JmX3Rva2VuBjoGRUZJIjEzWjNjeXhqaGhwVE9qUS82emJX\nUXpGRzNVN1hTK2cybzlTSGllYXNpNC9VPQY7AEZJIhN1c2VyX3JldHVybl90\nbwY7AEYiBi9JIgpmbGFzaAY7AFR7B0kiDGRpc2NhcmQGOwBUWwBJIgxmbGFz\naGVzBjsAVHsGSSIKYWxlcnQGOwBGSSI2WW91IG5lZWQgdG8gc2lnbiBpbiBv\nciBzaWduIHVwIGJlZm9yZSBjb250aW51aW5nLgY7AFQ=\n"], ["updated_at", "2015-07-30 06:36:34.480682"], ["id", 1]]
  [1m[35m (16.9ms)[0m  COMMIT


Started GET "/users/sign_in" for 127.0.0.1 at 2015-07-30 12:06:34 +0530
Processing by Devise::SessionsController#new as HTML
  [1m[36mRackCAS::ActiveRecordStore::Session Load (0.4ms)[0m  [1mSELECT  "sessions".* FROM "sessions" WHERE "sessions"."session_id" = $1  ORDER BY "sessions"."id" ASC LIMIT 1[0m  [["session_id", "df064e40fb2e9e325b77ee5c26ea093a"]]
  Rendered /home/sunil/.rvm/gems/ruby-2.1.5/gems/devise-3.5.1/app/views/devise/shared/_links.html.erb (1.0ms)
  Rendered /home/sunil/.rvm/gems/ruby-2.1.5/gems/devise-3.5.1/app/views/devise/sessions/new.html.erb within layouts/application (45.5ms)
Completed 200 OK in 206ms (Views: 170.4ms | ActiveRecord: 1.1ms)
  [1m[35mCACHE (0.0ms)[0m  SELECT  "sessions".* FROM "sessions" WHERE "sessions"."session_id" = $1  ORDER BY "sessions"."id" ASC LIMIT 1  [["session_id", "df064e40fb2e9e325b77ee5c26ea093a"]]
  [1m[36m (0.1ms)[0m  [1mBEGIN[0m
  [1m[35m (0.1ms)[0m  COMMIT


Started POST "/users/sign_in" for 127.0.0.1 at 2015-07-30 12:07:10 +0530
Processing by Devise::SessionsController#create as HTML
  Parameters: {"utf8"=>"✓", "authenticity_token"=>"K+XsQCiZL2b7LvQe9+S11Lo3iireJLzG3WbcOGpW7fL2eDCLMHip8jWj++Q6USUY64DZnwzesW4oRz5BwXQOBw==", "user"=>{"email"=>"superadmin@vakilsearch.com", "password"=>"[FILTERED]", "remember_me"=>"0"}, "commit"=>"Log in"}
  [1m[36mRackCAS::ActiveRecordStore::Session Load (0.2ms)[0m  [1mSELECT  "sessions".* FROM "sessions" WHERE "sessions"."session_id" = $1  ORDER BY "sessions"."id" ASC LIMIT 1[0m  [["session_id", "df064e40fb2e9e325b77ee5c26ea093a"]]
  [1m[35mUser Load (0.3ms)[0m  SELECT  "users".* FROM "users" WHERE "users"."email" = $1  ORDER BY "users"."id" ASC LIMIT 1  [["email", "superadmin@vakilsearch.com"]]
Completed 401 Unauthorized in 3ms (ActiveRecord: 0.6ms)
Processing by Devise::SessionsController#new as HTML
  Parameters: {"utf8"=>"✓", "authenticity_token"=>"K+XsQCiZL2b7LvQe9+S11Lo3iireJLzG3WbcOGpW7fL2eDCLMHip8jWj++Q6USUY64DZnwzesW4oRz5BwXQOBw==", "user"=>{"email"=>"superadmin@vakilsearch.com", "password"=>"[FILTERED]", "remember_me"=>"0"}, "commit"=>"Log in"}
  Rendered /home/sunil/.rvm/gems/ruby-2.1.5/gems/devise-3.5.1/app/views/devise/shared/_links.html.erb (0.2ms)
  Rendered /home/sunil/.rvm/gems/ruby-2.1.5/gems/devise-3.5.1/app/views/devise/sessions/new.html.erb within layouts/application (1.7ms)
Completed 200 OK in 68ms (Views: 12.8ms | ActiveRecord: 0.0ms)
  [1m[36mCACHE (0.0ms)[0m  [1mSELECT  "sessions".* FROM "sessions" WHERE "sessions"."session_id" = $1  ORDER BY "sessions"."id" ASC LIMIT 1[0m  [["session_id", "df064e40fb2e9e325b77ee5c26ea093a"]]
  [1m[35m (0.2ms)[0m  BEGIN
  [1m[36mSQL (0.2ms)[0m  [1mUPDATE "sessions" SET "data" = $1, "updated_at" = $2 WHERE "sessions"."id" = $3[0m  [["data", "BAh7CEkiEF9jc3JmX3Rva2VuBjoGRUZJIjEzWjNjeXhqaGhwVE9qUS82emJX\nUXpGRzNVN1hTK2cybzlTSGllYXNpNC9VPQY7AEZJIhN1c2VyX3JldHVybl90\nbwY7AEYiBi9JIgpmbGFzaAY7AFR7B0kiDGRpc2NhcmQGOwBUWwZJIgphbGVy\ndAY7AEZJIgxmbGFzaGVzBjsAVHsGSSIKYWxlcnQGOwBGSSIfSW52YWxpZCBl\nbWFpbCBvciBwYXNzd29yZC4GOwBU\n"], ["updated_at", "2015-07-30 06:37:10.950533"], ["id", 1]]
  [1m[35m (17.6ms)[0m  COMMIT


Started GET "/" for 127.0.0.1 at 2015-07-30 12:30:50 +0530
  [1m[36mActiveRecord::SchemaMigration Load (0.2ms)[0m  [1mSELECT "schema_migrations".* FROM "schema_migrations"[0m
Processing by HomeController#index as HTML
Completed 401 Unauthorized in 4ms (ActiveRecord: 0.0ms)
  [1m[35mRackCAS::ActiveRecordStore::Session Load (0.3ms)[0m  SELECT  "sessions".* FROM "sessions" WHERE "sessions"."session_id" = $1  ORDER BY "sessions"."id" ASC LIMIT 1  [["session_id", "6f48de45d74aa3562b12cd0c87b881e0"]]
  [1m[36m (0.1ms)[0m  [1mBEGIN[0m
  [1m[35mSQL (0.3ms)[0m  INSERT INTO "sessions" ("session_id", "data", "created_at", "updated_at") VALUES ($1, $2, $3, $4) RETURNING "id"  [["session_id", "6f48de45d74aa3562b12cd0c87b881e0"], ["data", "BAh7B0kiE3VzZXJfcmV0dXJuX3RvBjoGRUYiBi9JIgpmbGFzaAY7AFR7B0ki\nDGRpc2NhcmQGOwBUWwBJIgxmbGFzaGVzBjsAVHsGSSIKYWxlcnQGOwBGSSI2\nWW91IG5lZWQgdG8gc2lnbiBpbiBvciBzaWduIHVwIGJlZm9yZSBjb250aW51\naW5nLgY7AFQ=\n"], ["created_at", "2015-07-30 07:00:50.700354"], ["updated_at", "2015-07-30 07:00:50.700354"]]
  [1m[36m (20.7ms)[0m  [1mCOMMIT[0m


Started GET "/users/sign_in" for 127.0.0.1 at 2015-07-30 12:30:50 +0530
Processing by Devise::SessionsController#new as HTML
  [1m[35mRackCAS::ActiveRecordStore::Session Load (0.3ms)[0m  SELECT  "sessions".* FROM "sessions" WHERE "sessions"."session_id" = $1  ORDER BY "sessions"."id" ASC LIMIT 1  [["session_id", "6f48de45d74aa3562b12cd0c87b881e0"]]
  Rendered /home/sunil/.rvm/gems/ruby-2.1.5/gems/devise-3.5.1/app/views/devise/shared/_links.html.erb (1.1ms)
  Rendered /home/sunil/.rvm/gems/ruby-2.1.5/gems/devise-3.5.1/app/views/devise/sessions/new.html.erb within layouts/application (10.9ms)
Completed 200 OK in 148ms (Views: 139.1ms | ActiveRecord: 1.1ms)
  [1m[36mCACHE (0.0ms)[0m  [1mSELECT  "sessions".* FROM "sessions" WHERE "sessions"."session_id" = $1  ORDER BY "sessions"."id" ASC LIMIT 1[0m  [["session_id", "6f48de45d74aa3562b12cd0c87b881e0"]]
  [1m[35m (0.1ms)[0m  BEGIN
  [1m[36mSQL (0.2ms)[0m  [1mUPDATE "sessions" SET "data" = $1, "updated_at" = $2 WHERE "sessions"."id" = $3[0m  [["data", "BAh7CEkiE3VzZXJfcmV0dXJuX3RvBjoGRUYiBi9JIgpmbGFzaAY7AFR7B0ki\nDGRpc2NhcmQGOwBUWwBJIgxmbGFzaGVzBjsAVHsGSSIKYWxlcnQGOwBGSSI2\nWW91IG5lZWQgdG8gc2lnbiBpbiBvciBzaWduIHVwIGJlZm9yZSBjb250aW51\naW5nLgY7AFRJIhBfY3NyZl90b2tlbgY7AEZJIjFOV3pMUDF3T2Q5VlluUlMy\ncTY2WEIyVlhJUzdjb0syOUdEV1lJMXBwc2ZRPQY7AEY=\n"], ["updated_at", "2015-07-30 07:00:50.878188"], ["id", 2]]
  [1m[35m (17.8ms)[0m  COMMIT


Started GET "/assets/home.self-e3b0c44298fc1c149afbf4c8996fb92427ae41e4649b934ca495991b7852b855.css?body=1" for 127.0.0.1 at 2015-07-30 12:30:50 +0530


Started GET "/assets/jquery.self-d03a5518f45df77341bdbe6201ba3bfa547ebba8ed64f0ea56bfa5f96ea7c074.js?body=1" for 127.0.0.1 at 2015-07-30 12:30:50 +0530


Started GET "/assets/turbolinks.self-c37727e9bd6b2735da5c311aa83fead54ed0be6cc8bd9a65309e9c5abe2cbfff.js?body=1" for 127.0.0.1 at 2015-07-30 12:30:50 +0530


Started GET "/assets/jquery_ujs.self-ca5248a2fad13d6bd58ea121318d642f195f0b2dd818b30615f785ff365e8d1f.js?body=1" for 127.0.0.1 at 2015-07-30 12:30:50 +0530


Started GET "/assets/home.self-877aef30ae1b040ab8a3aba4e3e309a11d7f2612f44dde450b5c157aa5f95c05.js?body=1" for 127.0.0.1 at 2015-07-30 12:30:50 +0530


Started GET "/assets/application.self-e80e8f2318043e8af94dddc2adad5a4f09739a8ebb323b3ab31cd71d45fd9113.css?body=1" for 127.0.0.1 at 2015-07-30 12:30:50 +0530


Started GET "/assets/application.self-3b8dabdc891efe46b9a144b400ad69e37d7e5876bdc39dee783419a69d7ca819.js?body=1" for 127.0.0.1 at 2015-07-30 12:30:50 +0530


Started POST "/users/sign_in" for 127.0.0.1 at 2015-07-30 12:31:07 +0530
Processing by Devise::SessionsController#create as HTML
  Parameters: {"utf8"=>"✓", "authenticity_token"=>"GFqasU+sNiMLgTuL7ZwztkdHHdNWx4HIwsTmCx8lDmMtNlGOE6JB9lMcLz1GMqSxIhA8/YpnLHXa8X4oRUy/lw==", "user"=>{"email"=>"superadmin@vakilsearch.com", "password"=>"[FILTERED]", "remember_me"=>"0"}, "commit"=>"Log in"}
  [1m[36mRackCAS::ActiveRecordStore::Session Load (0.2ms)[0m  [1mSELECT  "sessions".* FROM "sessions" WHERE "sessions"."session_id" = $1  ORDER BY "sessions"."id" ASC LIMIT 1[0m  [["session_id", "6f48de45d74aa3562b12cd0c87b881e0"]]
  [1m[35mUser Load (0.2ms)[0m  SELECT  "users".* FROM "users" WHERE "users"."email" = $1  ORDER BY "users"."id" ASC LIMIT 1  [["email", "superadmin@vakilsearch.com"]]
Completed 401 Unauthorized in 2ms (ActiveRecord: 0.4ms)
Processing by Devise::SessionsController#new as HTML
  Parameters: {"utf8"=>"✓", "authenticity_token"=>"GFqasU+sNiMLgTuL7ZwztkdHHdNWx4HIwsTmCx8lDmMtNlGOE6JB9lMcLz1GMqSxIhA8/YpnLHXa8X4oRUy/lw==", "user"=>{"email"=>"superadmin@vakilsearch.com", "password"=>"[FILTERED]", "remember_me"=>"0"}, "commit"=>"Log in"}
  Rendered /home/sunil/.rvm/gems/ruby-2.1.5/gems/devise-3.5.1/app/views/devise/shared/_links.html.erb (0.2ms)
  Rendered /home/sunil/.rvm/gems/ruby-2.1.5/gems/devise-3.5.1/app/views/devise/sessions/new.html.erb within layouts/application (1.7ms)
Completed 200 OK in 65ms (Views: 12.4ms | ActiveRecord: 0.0ms)
  [1m[36mCACHE (0.0ms)[0m  [1mSELECT  "sessions".* FROM "sessions" WHERE "sessions"."session_id" = $1  ORDER BY "sessions"."id" ASC LIMIT 1[0m  [["session_id", "6f48de45d74aa3562b12cd0c87b881e0"]]
  [1m[35m (0.1ms)[0m  BEGIN
  [1m[36mSQL (0.2ms)[0m  [1mUPDATE "sessions" SET "data" = $1, "updated_at" = $2 WHERE "sessions"."id" = $3[0m  [["data", "BAh7CEkiE3VzZXJfcmV0dXJuX3RvBjoGRUYiBi9JIgpmbGFzaAY7AFR7B0ki\nDGRpc2NhcmQGOwBUWwZJIgphbGVydAY7AEZJIgxmbGFzaGVzBjsAVHsGSSIK\nYWxlcnQGOwBGSSIfSW52YWxpZCBlbWFpbCBvciBwYXNzd29yZC4GOwBUSSIQ\nX2NzcmZfdG9rZW4GOwBGSSIxTld6TFAxd09kOVZZblJTMnE2NlhCMlZYSVM3\nY29LMjlHRFdZSTFwcHNmUT0GOwBG\n"], ["updated_at", "2015-07-30 07:01:07.361629"], ["id", 2]]
  [1m[35m (19.8ms)[0m  COMMIT


Started GET "/" for 127.0.0.1 at 2015-07-30 12:34:13 +0530
  [1m[36mActiveRecord::SchemaMigration Load (0.2ms)[0m  [1mSELECT "schema_migrations".* FROM "schema_migrations"[0m
Processing by HomeController#index as HTML
  [1m[35mRackCAS::ActiveRecordStore::Session Load (0.3ms)[0m  SELECT  "sessions".* FROM "sessions" WHERE "sessions"."session_id" = $1  ORDER BY "sessions"."id" ASC LIMIT 1  [["session_id", "97005981105fdd7a622249cc1fa86ff9"]]
  Rendered text template (0.0ms)
Filter chain halted as :ensure_loggedin rendered or redirected
Completed 401 Unauthorized in 44ms (Views: 36.3ms | ActiveRecord: 1.8ms)
  [1m[36mCACHE (0.0ms)[0m  [1mSELECT  "sessions".* FROM "sessions" WHERE "sessions"."session_id" = $1  ORDER BY "sessions"."id" ASC LIMIT 1[0m  [["session_id", "97005981105fdd7a622249cc1fa86ff9"]]
  [1m[35m (0.1ms)[0m  BEGIN
  [1m[36mSQL (0.3ms)[0m  [1mINSERT INTO "sessions" ("session_id", "data", "created_at", "updated_at") VALUES ($1, $2, $3, $4) RETURNING "id"[0m  [["session_id", "97005981105fdd7a622249cc1fa86ff9"], ["data", "BAh7AA==\n"], ["created_at", "2015-07-30 07:04:13.912119"], ["updated_at", "2015-07-30 07:04:13.912119"]]
  [1m[35m (59.6ms)[0m  COMMIT


Started GET "/" for 127.0.0.1 at 2015-07-30 12:35:08 +0530
Processing by HomeController#index as HTML
  Rendered text template (0.0ms)
Filter chain halted as :ensure_loggedin rendered or redirected
Completed 401 Unauthorized in 0ms (Views: 0.2ms | ActiveRecord: 0.0ms)


Started GET "/?ticket=ST-14382399429469-VDh740ZcUUpiWY1pHHCuZ8AYb7EpGYnHS75Rjep9" for 127.0.0.1 at 2015-07-30 12:35:42 +0530

Nokogiri::XML::XPath::SyntaxError (Undefined namespace prefix: /cas:serviceResponse/cas:authenticationSuccess):
  nokogiri (1.6.6.2) lib/nokogiri/xml/searchable.rb:165:in `evaluate'
  nokogiri (1.6.6.2) lib/nokogiri/xml/searchable.rb:165:in `block in xpath'
  nokogiri (1.6.6.2) lib/nokogiri/xml/searchable.rb:156:in `map'
  nokogiri (1.6.6.2) lib/nokogiri/xml/searchable.rb:156:in `xpath'
  nokogiri (1.6.6.2) lib/nokogiri/xml/searchable.rb:55:in `search'
  nokogiri (1.6.6.2) lib/nokogiri/xml/searchable.rb:67:in `at'
  rack-cas (0.11.0) lib/rack-cas/service_validation_response.rb:62:in `success?'
  rack-cas (0.11.0) lib/rack-cas/service_validation_response.rb:15:in `user'
  rack-cas (0.11.0) lib/rack-cas/server.rb:32:in `validate_service'
  rack-cas (0.11.0) lib/rack/cas.rb:70:in `get_user'
  rack-cas (0.11.0) lib/rack/cas.rb:27:in `call'
  warden (1.2.3) lib/warden/manager.rb:35:in `block in call'
  warden (1.2.3) lib/warden/manager.rb:34:in `catch'
  warden (1.2.3) lib/warden/manager.rb:34:in `call'
  rack (1.6.4) lib/rack/etag.rb:24:in `call'
  rack (1.6.4) lib/rack/conditionalget.rb:25:in `call'
  rack (1.6.4) lib/rack/head.rb:13:in `call'
  actionpack (4.2.3) lib/action_dispatch/middleware/params_parser.rb:27:in `call'
  actionpack (4.2.3) lib/action_dispatch/middleware/flash.rb:260:in `call'
  rack (1.6.4) lib/rack/session/abstract/id.rb:225:in `context'
  rack (1.6.4) lib/rack/session/abstract/id.rb:220:in `call'
  actionpack (4.2.3) lib/action_dispatch/middleware/cookies.rb:560:in `call'
  activerecord (4.2.3) lib/active_record/query_cache.rb:36:in `call'
  activerecord (4.2.3) lib/active_record/connection_adapters/abstract/connection_pool.rb:653:in `call'
  activerecord (4.2.3) lib/active_record/migration.rb:377:in `call'
  actionpack (4.2.3) lib/action_dispatch/middleware/callbacks.rb:29:in `block in call'
  activesupport (4.2.3) lib/active_support/callbacks.rb:84:in `run_callbacks'
  actionpack (4.2.3) lib/action_dispatch/middleware/callbacks.rb:27:in `call'
  actionpack (4.2.3) lib/action_dispatch/middleware/reloader.rb:73:in `call'
  actionpack (4.2.3) lib/action_dispatch/middleware/remote_ip.rb:78:in `call'
  actionpack (4.2.3) lib/action_dispatch/middleware/debug_exceptions.rb:17:in `call'
  web-console (2.2.1) lib/web_console/middleware.rb:39:in `call'
  actionpack (4.2.3) lib/action_dispatch/middleware/show_exceptions.rb:30:in `call'
  railties (4.2.3) lib/rails/rack/logger.rb:38:in `call_app'
  railties (4.2.3) lib/rails/rack/logger.rb:20:in `block in call'
  activesupport (4.2.3) lib/active_support/tagged_logging.rb:68:in `block in tagged'
  activesupport (4.2.3) lib/active_support/tagged_logging.rb:26:in `tagged'
  activesupport (4.2.3) lib/active_support/tagged_logging.rb:68:in `tagged'
  railties (4.2.3) lib/rails/rack/logger.rb:20:in `call'
  actionpack (4.2.3) lib/action_dispatch/middleware/request_id.rb:21:in `call'
  rack (1.6.4) lib/rack/methodoverride.rb:22:in `call'
  rack (1.6.4) lib/rack/runtime.rb:18:in `call'
  activesupport (4.2.3) lib/active_support/cache/strategy/local_cache_middleware.rb:28:in `call'
  rack (1.6.4) lib/rack/lock.rb:17:in `call'
  actionpack (4.2.3) lib/action_dispatch/middleware/static.rb:116:in `call'
  rack (1.6.4) lib/rack/sendfile.rb:113:in `call'
  railties (4.2.3) lib/rails/engine.rb:518:in `call'
  railties (4.2.3) lib/rails/application.rb:165:in `call'
  rack (1.6.4) lib/rack/lock.rb:17:in `call'
  rack (1.6.4) lib/rack/content_length.rb:15:in `call'
  rack (1.6.4) lib/rack/handler/webrick.rb:88:in `service'
  /home/sunil/.rvm/rubies/ruby-2.1.5/lib/ruby/2.1.0/webrick/httpserver.rb:138:in `service'
  /home/sunil/.rvm/rubies/ruby-2.1.5/lib/ruby/2.1.0/webrick/httpserver.rb:94:in `run'
  /home/sunil/.rvm/rubies/ruby-2.1.5/lib/ruby/2.1.0/webrick/server.rb:295:in `block in start_thread'


  Rendered /home/sunil/.rvm/gems/ruby-2.1.5/gems/actionpack-4.2.3/lib/action_dispatch/middleware/templates/rescues/_source.erb (1.9ms)
  Rendered /home/sunil/.rvm/gems/ruby-2.1.5/gems/actionpack-4.2.3/lib/action_dispatch/middleware/templates/rescues/_trace.html.erb (1.0ms)
  Rendered /home/sunil/.rvm/gems/ruby-2.1.5/gems/actionpack-4.2.3/lib/action_dispatch/middleware/templates/rescues/_request_and_response.html.erb (0.7ms)
  Rendered /home/sunil/.rvm/gems/ruby-2.1.5/gems/actionpack-4.2.3/lib/action_dispatch/middleware/templates/rescues/diagnostics.html.erb within rescues/layout (10.5ms)
  Rendered /home/sunil/.rvm/gems/ruby-2.1.5/gems/web-console-2.2.1/lib/web_console/templates/_markup.html.erb (0.2ms)
  Rendered /home/sunil/.rvm/gems/ruby-2.1.5/gems/web-console-2.2.1/lib/web_console/templates/_inner_console_markup.html.erb within layouts/inlined_string (0.2ms)
  Rendered /home/sunil/.rvm/gems/ruby-2.1.5/gems/web-console-2.2.1/lib/web_console/templates/_prompt_box_markup.html.erb within layouts/inlined_string (0.1ms)
  Rendered /home/sunil/.rvm/gems/ruby-2.1.5/gems/web-console-2.2.1/lib/web_console/templates/style.css.erb within layouts/inlined_string (0.2ms)
  Rendered /home/sunil/.rvm/gems/ruby-2.1.5/gems/web-console-2.2.1/lib/web_console/templates/console.js.erb within layouts/javascript (7.3ms)
  Rendered /home/sunil/.rvm/gems/ruby-2.1.5/gems/web-console-2.2.1/lib/web_console/templates/main.js.erb within layouts/javascript (0.1ms)
  Rendered /home/sunil/.rvm/gems/ruby-2.1.5/gems/web-console-2.2.1/lib/web_console/templates/error_page.js.erb within layouts/javascript (0.3ms)
  Rendered /home/sunil/.rvm/gems/ruby-2.1.5/gems/web-console-2.2.1/lib/web_console/templates/index.html.erb (16.2ms)


Started GET "/" for 127.0.0.1 at 2015-07-30 12:39:22 +0530
Processing by HomeController#index as HTML
  [1m[36mRackCAS::ActiveRecordStore::Session Load (0.2ms)[0m  [1mSELECT  "sessions".* FROM "sessions" WHERE "sessions"."session_id" = $1  ORDER BY "sessions"."id" ASC LIMIT 1[0m  [["session_id", "97005981105fdd7a622249cc1fa86ff9"]]
  Rendered text template (0.0ms)
Filter chain halted as :ensure_loggedin rendered or redirected
Completed 401 Unauthorized in 1ms (Views: 0.2ms | ActiveRecord: 0.2ms)
  [1m[35mCACHE (0.0ms)[0m  SELECT  "sessions".* FROM "sessions" WHERE "sessions"."session_id" = $1  ORDER BY "sessions"."id" ASC LIMIT 1  [["session_id", "97005981105fdd7a622249cc1fa86ff9"]]
  [1m[36m (0.1ms)[0m  [1mBEGIN[0m
  [1m[35m (0.1ms)[0m  COMMIT


Started GET "/?ticket=ST-14382401736850-9Kb97MVfAZ0jJl8Pq35kXKsACLzYopzz18zKmMrN" for 127.0.0.1 at 2015-07-30 12:39:33 +0530

Nokogiri::XML::XPath::SyntaxError (Undefined namespace prefix: /cas:serviceResponse/cas:authenticationSuccess):
  nokogiri (1.6.6.2) lib/nokogiri/xml/searchable.rb:165:in `evaluate'
  nokogiri (1.6.6.2) lib/nokogiri/xml/searchable.rb:165:in `block in xpath'
  nokogiri (1.6.6.2) lib/nokogiri/xml/searchable.rb:156:in `map'
  nokogiri (1.6.6.2) lib/nokogiri/xml/searchable.rb:156:in `xpath'
  nokogiri (1.6.6.2) lib/nokogiri/xml/searchable.rb:55:in `search'
  nokogiri (1.6.6.2) lib/nokogiri/xml/searchable.rb:67:in `at'
  rack-cas (0.11.0) lib/rack-cas/service_validation_response.rb:62:in `success?'
  rack-cas (0.11.0) lib/rack-cas/service_validation_response.rb:15:in `user'
  rack-cas (0.11.0) lib/rack-cas/server.rb:32:in `validate_service'
  rack-cas (0.11.0) lib/rack/cas.rb:70:in `get_user'
  rack-cas (0.11.0) lib/rack/cas.rb:27:in `call'
  warden (1.2.3) lib/warden/manager.rb:35:in `block in call'
  warden (1.2.3) lib/warden/manager.rb:34:in `catch'
  warden (1.2.3) lib/warden/manager.rb:34:in `call'
  rack (1.6.4) lib/rack/etag.rb:24:in `call'
  rack (1.6.4) lib/rack/conditionalget.rb:25:in `call'
  rack (1.6.4) lib/rack/head.rb:13:in `call'
  actionpack (4.2.3) lib/action_dispatch/middleware/params_parser.rb:27:in `call'
  actionpack (4.2.3) lib/action_dispatch/middleware/flash.rb:260:in `call'
  rack (1.6.4) lib/rack/session/abstract/id.rb:225:in `context'
  rack (1.6.4) lib/rack/session/abstract/id.rb:220:in `call'
  actionpack (4.2.3) lib/action_dispatch/middleware/cookies.rb:560:in `call'
  activerecord (4.2.3) lib/active_record/query_cache.rb:36:in `call'
  activerecord (4.2.3) lib/active_record/connection_adapters/abstract/connection_pool.rb:653:in `call'
  activerecord (4.2.3) lib/active_record/migration.rb:377:in `call'
  actionpack (4.2.3) lib/action_dispatch/middleware/callbacks.rb:29:in `block in call'
  activesupport (4.2.3) lib/active_support/callbacks.rb:84:in `run_callbacks'
  actionpack (4.2.3) lib/action_dispatch/middleware/callbacks.rb:27:in `call'
  actionpack (4.2.3) lib/action_dispatch/middleware/reloader.rb:73:in `call'
  actionpack (4.2.3) lib/action_dispatch/middleware/remote_ip.rb:78:in `call'
  actionpack (4.2.3) lib/action_dispatch/middleware/debug_exceptions.rb:17:in `call'
  web-console (2.2.1) lib/web_console/middleware.rb:39:in `call'
  actionpack (4.2.3) lib/action_dispatch/middleware/show_exceptions.rb:30:in `call'
  railties (4.2.3) lib/rails/rack/logger.rb:38:in `call_app'
  railties (4.2.3) lib/rails/rack/logger.rb:20:in `block in call'
  activesupport (4.2.3) lib/active_support/tagged_logging.rb:68:in `block in tagged'
  activesupport (4.2.3) lib/active_support/tagged_logging.rb:26:in `tagged'
  activesupport (4.2.3) lib/active_support/tagged_logging.rb:68:in `tagged'
  railties (4.2.3) lib/rails/rack/logger.rb:20:in `call'
  actionpack (4.2.3) lib/action_dispatch/middleware/request_id.rb:21:in `call'
  rack (1.6.4) lib/rack/methodoverride.rb:22:in `call'
  rack (1.6.4) lib/rack/runtime.rb:18:in `call'
  activesupport (4.2.3) lib/active_support/cache/strategy/local_cache_middleware.rb:28:in `call'
  rack (1.6.4) lib/rack/lock.rb:17:in `call'
  actionpack (4.2.3) lib/action_dispatch/middleware/static.rb:116:in `call'
  rack (1.6.4) lib/rack/sendfile.rb:113:in `call'
  railties (4.2.3) lib/rails/engine.rb:518:in `call'
  railties (4.2.3) lib/rails/application.rb:165:in `call'
  rack (1.6.4) lib/rack/lock.rb:17:in `call'
  rack (1.6.4) lib/rack/content_length.rb:15:in `call'
  rack (1.6.4) lib/rack/handler/webrick.rb:88:in `service'
  /home/sunil/.rvm/rubies/ruby-2.1.5/lib/ruby/2.1.0/webrick/httpserver.rb:138:in `service'
  /home/sunil/.rvm/rubies/ruby-2.1.5/lib/ruby/2.1.0/webrick/httpserver.rb:94:in `run'
  /home/sunil/.rvm/rubies/ruby-2.1.5/lib/ruby/2.1.0/webrick/server.rb:295:in `block in start_thread'


  Rendered /home/sunil/.rvm/gems/ruby-2.1.5/gems/actionpack-4.2.3/lib/action_dispatch/middleware/templates/rescues/_source.erb (1.8ms)
  Rendered /home/sunil/.rvm/gems/ruby-2.1.5/gems/actionpack-4.2.3/lib/action_dispatch/middleware/templates/rescues/_trace.html.erb (0.9ms)
  [1m[36mRackCAS::ActiveRecordStore::Session Load (0.2ms)[0m  [1mSELECT  "sessions".* FROM "sessions" WHERE "sessions"."session_id" = $1  ORDER BY "sessions"."id" ASC LIMIT 1[0m  [["session_id", "97005981105fdd7a622249cc1fa86ff9"]]
  Rendered /home/sunil/.rvm/gems/ruby-2.1.5/gems/actionpack-4.2.3/lib/action_dispatch/middleware/templates/rescues/_request_and_response.html.erb (1.5ms)
  Rendered /home/sunil/.rvm/gems/ruby-2.1.5/gems/actionpack-4.2.3/lib/action_dispatch/middleware/templates/rescues/diagnostics.html.erb within rescues/layout (10.3ms)
  Rendered /home/sunil/.rvm/gems/ruby-2.1.5/gems/web-console-2.2.1/lib/web_console/templates/_markup.html.erb (0.2ms)
  Rendered /home/sunil/.rvm/gems/ruby-2.1.5/gems/web-console-2.2.1/lib/web_console/templates/_inner_console_markup.html.erb within layouts/inlined_string (0.1ms)
  Rendered /home/sunil/.rvm/gems/ruby-2.1.5/gems/web-console-2.2.1/lib/web_console/templates/_prompt_box_markup.html.erb within layouts/inlined_string (0.2ms)
  Rendered /home/sunil/.rvm/gems/ruby-2.1.5/gems/web-console-2.2.1/lib/web_console/templates/style.css.erb within layouts/inlined_string (0.2ms)
  Rendered /home/sunil/.rvm/gems/ruby-2.1.5/gems/web-console-2.2.1/lib/web_console/templates/console.js.erb within layouts/javascript (7.2ms)
  Rendered /home/sunil/.rvm/gems/ruby-2.1.5/gems/web-console-2.2.1/lib/web_console/templates/main.js.erb within layouts/javascript (0.1ms)
  Rendered /home/sunil/.rvm/gems/ruby-2.1.5/gems/web-console-2.2.1/lib/web_console/templates/error_page.js.erb within layouts/javascript (0.2ms)
  Rendered /home/sunil/.rvm/gems/ruby-2.1.5/gems/web-console-2.2.1/lib/web_console/templates/index.html.erb (14.6ms)


Started GET "/" for 127.0.0.1 at 2015-07-30 12:52:32 +0530
Processing by HomeController#index as HTML
  Rendered text template (0.0ms)
Filter chain halted as :ensure_loggedin rendered or redirected
Completed 401 Unauthorized in 0ms (Views: 0.3ms | ActiveRecord: 0.0ms)


Started GET "/" for 127.0.0.1 at 2015-07-30 12:57:03 +0530
Processing by HomeController#index as HTML
  Rendered text template (0.0ms)
Filter chain halted as :ensure_loggedin rendered or redirected
Completed 401 Unauthorized in 38244ms (Views: 1.6ms | ActiveRecord: 0.0ms)


Started GET "/?ticket=ST-14382413538050-ksYSsVhyI8spvbolZiUYluTSbM109gBADIbnv4lJ" for 127.0.0.1 at 2015-07-30 12:59:13 +0530

Nokogiri::XML::XPath::SyntaxError (Undefined namespace prefix: /cas:serviceResponse/cas:authenticationSuccess):
  nokogiri (1.6.6.2) lib/nokogiri/xml/searchable.rb:165:in `evaluate'
  nokogiri (1.6.6.2) lib/nokogiri/xml/searchable.rb:165:in `block in xpath'
  nokogiri (1.6.6.2) lib/nokogiri/xml/searchable.rb:156:in `map'
  nokogiri (1.6.6.2) lib/nokogiri/xml/searchable.rb:156:in `xpath'
  nokogiri (1.6.6.2) lib/nokogiri/xml/searchable.rb:55:in `search'
  nokogiri (1.6.6.2) lib/nokogiri/xml/searchable.rb:67:in `at'
  rack-cas (0.11.0) lib/rack-cas/service_validation_response.rb:62:in `success?'
  rack-cas (0.11.0) lib/rack-cas/service_validation_response.rb:15:in `user'
  rack-cas (0.11.0) lib/rack-cas/server.rb:32:in `validate_service'
  rack-cas (0.11.0) lib/rack/cas.rb:70:in `get_user'
  rack-cas (0.11.0) lib/rack/cas.rb:27:in `call'
  warden (1.2.3) lib/warden/manager.rb:35:in `block in call'
  warden (1.2.3) lib/warden/manager.rb:34:in `catch'
  warden (1.2.3) lib/warden/manager.rb:34:in `call'
  rack (1.6.4) lib/rack/etag.rb:24:in `call'
  rack (1.6.4) lib/rack/conditionalget.rb:25:in `call'
  rack (1.6.4) lib/rack/head.rb:13:in `call'
  actionpack (4.2.3) lib/action_dispatch/middleware/params_parser.rb:27:in `call'
  actionpack (4.2.3) lib/action_dispatch/middleware/flash.rb:260:in `call'
  rack (1.6.4) lib/rack/session/abstract/id.rb:225:in `context'
  rack (1.6.4) lib/rack/session/abstract/id.rb:220:in `call'
  actionpack (4.2.3) lib/action_dispatch/middleware/cookies.rb:560:in `call'
  activerecord (4.2.3) lib/active_record/query_cache.rb:36:in `call'
  activerecord (4.2.3) lib/active_record/connection_adapters/abstract/connection_pool.rb:653:in `call'
  activerecord (4.2.3) lib/active_record/migration.rb:377:in `call'
  actionpack (4.2.3) lib/action_dispatch/middleware/callbacks.rb:29:in `block in call'
  activesupport (4.2.3) lib/active_support/callbacks.rb:84:in `run_callbacks'
  actionpack (4.2.3) lib/action_dispatch/middleware/callbacks.rb:27:in `call'
  actionpack (4.2.3) lib/action_dispatch/middleware/reloader.rb:73:in `call'
  actionpack (4.2.3) lib/action_dispatch/middleware/remote_ip.rb:78:in `call'
  actionpack (4.2.3) lib/action_dispatch/middleware/debug_exceptions.rb:17:in `call'
  web-console (2.2.1) lib/web_console/middleware.rb:39:in `call'
  actionpack (4.2.3) lib/action_dispatch/middleware/show_exceptions.rb:30:in `call'
  railties (4.2.3) lib/rails/rack/logger.rb:38:in `call_app'
  railties (4.2.3) lib/rails/rack/logger.rb:20:in `block in call'
  activesupport (4.2.3) lib/active_support/tagged_logging.rb:68:in `block in tagged'
  activesupport (4.2.3) lib/active_support/tagged_logging.rb:26:in `tagged'
  activesupport (4.2.3) lib/active_support/tagged_logging.rb:68:in `tagged'
  railties (4.2.3) lib/rails/rack/logger.rb:20:in `call'
  actionpack (4.2.3) lib/action_dispatch/middleware/request_id.rb:21:in `call'
  rack (1.6.4) lib/rack/methodoverride.rb:22:in `call'
  rack (1.6.4) lib/rack/runtime.rb:18:in `call'
  activesupport (4.2.3) lib/active_support/cache/strategy/local_cache_middleware.rb:28:in `call'
  rack (1.6.4) lib/rack/lock.rb:17:in `call'
  actionpack (4.2.3) lib/action_dispatch/middleware/static.rb:116:in `call'
  rack (1.6.4) lib/rack/sendfile.rb:113:in `call'
  railties (4.2.3) lib/rails/engine.rb:518:in `call'
  railties (4.2.3) lib/rails/application.rb:165:in `call'
  rack (1.6.4) lib/rack/lock.rb:17:in `call'
  rack (1.6.4) lib/rack/content_length.rb:15:in `call'
  rack (1.6.4) lib/rack/handler/webrick.rb:88:in `service'
  /home/sunil/.rvm/rubies/ruby-2.1.5/lib/ruby/2.1.0/webrick/httpserver.rb:138:in `service'
  /home/sunil/.rvm/rubies/ruby-2.1.5/lib/ruby/2.1.0/webrick/httpserver.rb:94:in `run'
  /home/sunil/.rvm/rubies/ruby-2.1.5/lib/ruby/2.1.0/webrick/server.rb:295:in `block in start_thread'


  Rendered /home/sunil/.rvm/gems/ruby-2.1.5/gems/actionpack-4.2.3/lib/action_dispatch/middleware/templates/rescues/_source.erb (1.9ms)
  Rendered /home/sunil/.rvm/gems/ruby-2.1.5/gems/actionpack-4.2.3/lib/action_dispatch/middleware/templates/rescues/_trace.html.erb (1.1ms)
  Rendered /home/sunil/.rvm/gems/ruby-2.1.5/gems/actionpack-4.2.3/lib/action_dispatch/middleware/templates/rescues/_request_and_response.html.erb (0.6ms)
  Rendered /home/sunil/.rvm/gems/ruby-2.1.5/gems/actionpack-4.2.3/lib/action_dispatch/middleware/templates/rescues/diagnostics.html.erb within rescues/layout (9.6ms)
  Rendered /home/sunil/.rvm/gems/ruby-2.1.5/gems/web-console-2.2.1/lib/web_console/templates/_markup.html.erb (0.2ms)
  Rendered /home/sunil/.rvm/gems/ruby-2.1.5/gems/web-console-2.2.1/lib/web_console/templates/_inner_console_markup.html.erb within layouts/inlined_string (0.1ms)
  Rendered /home/sunil/.rvm/gems/ruby-2.1.5/gems/web-console-2.2.1/lib/web_console/templates/_prompt_box_markup.html.erb within layouts/inlined_string (0.1ms)
  Rendered /home/sunil/.rvm/gems/ruby-2.1.5/gems/web-console-2.2.1/lib/web_console/templates/style.css.erb within layouts/inlined_string (0.2ms)
  Rendered /home/sunil/.rvm/gems/ruby-2.1.5/gems/web-console-2.2.1/lib/web_console/templates/console.js.erb within layouts/javascript (6.9ms)
  Rendered /home/sunil/.rvm/gems/ruby-2.1.5/gems/web-console-2.2.1/lib/web_console/templates/main.js.erb within layouts/javascript (0.1ms)
  Rendered /home/sunil/.rvm/gems/ruby-2.1.5/gems/web-console-2.2.1/lib/web_console/templates/error_page.js.erb within layouts/javascript (0.2ms)
  Rendered /home/sunil/.rvm/gems/ruby-2.1.5/gems/web-console-2.2.1/lib/web_console/templates/index.html.erb (14.5ms)


Started GET "/" for 127.0.0.1 at 2015-07-30 14:44:22 +0530
  [1m[36mActiveRecord::SchemaMigration Load (35.3ms)[0m  [1mSELECT "schema_migrations".* FROM "schema_migrations"[0m
Processing by HomeController#index as HTML
  Rendered text template (0.0ms)
Filter chain halted as :ensure_loggedin rendered or redirected
Completed 401 Unauthorized in 6524ms (Views: 32.6ms | ActiveRecord: 0.0ms)


Started GET "/" for 127.0.0.1 at 2015-07-30 14:44:57 +0530
  [1m[36mActiveRecord::SchemaMigration Load (0.2ms)[0m  [1mSELECT "schema_migrations".* FROM "schema_migrations"[0m
Processing by HomeController#index as HTML
  Rendered text template (0.0ms)
Filter chain halted as :ensure_loggedin rendered or redirected
Completed 401 Unauthorized in 3849ms (Views: 4.4ms | ActiveRecord: 0.0ms)


Started GET "/?ticket=ST-14382477182781-QxhroupcNBLHxYmZdqTm1PIgGVHBpepGc7Ptt7F3" for 127.0.0.1 at 2015-07-30 14:45:18 +0530
  [1m[35mRackCAS::ActiveRecordStore::Session Load (65.2ms)[0m  SELECT  "sessions".* FROM "sessions" WHERE "sessions"."session_id" = $1  ORDER BY "sessions"."id" ASC LIMIT 1  [["session_id", "68650e2127a5a4b66c08975b0d4ec521"]]
  [1m[36m (0.1ms)[0m  [1mBEGIN[0m
  [1m[35mSQL (10.2ms)[0m  INSERT INTO "sessions" ("session_id", "data", "cas_ticket", "created_at", "updated_at") VALUES ($1, $2, $3, $4, $5) RETURNING "id"  [["session_id", "68650e2127a5a4b66c08975b0d4ec521"], ["data", "BAh7BkkiCGNhcwY6BkVUewhJIgl1c2VyBjsAVEkiH3N1cGVyYWRtaW5AdmFr\naWxzZWFyY2guY29tBjsAVEkiC3RpY2tldAY7AFRJIj9TVC0xNDM4MjQ3NzE4\nMjc4MS1ReGhyb3VwY05CTEh4WW1aZHFUbTFQSWdHVkhCcGVwR2M3UHR0N0Yz\nBjsAVEkiFWV4dHJhX2F0dHJpYnV0ZXMGOwBUewdJIgplbWFpbAY7AFRJIh9z\ndXBlcmFkbWluQHZha2lsc2VhcmNoLmNvbQY7AFRJIg1mdWxsbmFtZQY7AFRJ\nIhBTdXBlciBBZG1pbgY7AFQ=\n"], ["cas_ticket", "ST-14382477182781-QxhroupcNBLHxYmZdqTm1PIgGVHBpepGc7Ptt7F3"], ["created_at", "2015-07-30 09:15:18.644733"], ["updated_at", "2015-07-30 09:15:18.644733"]]
  [1m[36m (21.7ms)[0m  [1mCOMMIT[0m


Started GET "/" for 127.0.0.1 at 2015-07-30 14:45:18 +0530
Processing by HomeController#index as HTML
  [1m[35mRackCAS::ActiveRecordStore::Session Load (0.3ms)[0m  SELECT  "sessions".* FROM "sessions" WHERE "sessions"."session_id" = $1  ORDER BY "sessions"."id" ASC LIMIT 1  [["session_id", "68650e2127a5a4b66c08975b0d4ec521"]]
  Rendered home/index.html.erb within layouts/application (7.1ms)
Completed 200 OK in 27335ms (Views: 172.0ms | ActiveRecord: 0.3ms)
  [1m[36mCACHE (0.0ms)[0m  [1mSELECT  "sessions".* FROM "sessions" WHERE "sessions"."session_id" = $1  ORDER BY "sessions"."id" ASC LIMIT 1[0m  [["session_id", "68650e2127a5a4b66c08975b0d4ec521"]]
  [1m[35m (0.1ms)[0m  BEGIN
  [1m[36mSQL (0.2ms)[0m  [1mUPDATE "sessions" SET "data" = $1, "updated_at" = $2 WHERE "sessions"."id" = $3[0m  [["data", "BAh7B0kiCGNhcwY6BkVUQzotQWN0aXZlU3VwcG9ydDo6SGFzaFdpdGhJbmRp\nZmZlcmVudEFjY2Vzc3sISSIJdXNlcgY7AFRJIh9zdXBlcmFkbWluQHZha2ls\nc2VhcmNoLmNvbQY7AFRJIgt0aWNrZXQGOwBUSSI/U1QtMTQzODI0NzcxODI3\nODEtUXhocm91cGNOQkxIeFltWmRxVG0xUElnR1ZIQnBlcEdjN1B0dDdGMwY7\nAFRJIhVleHRyYV9hdHRyaWJ1dGVzBjsAVEM7BnsHSSIKZW1haWwGOwBUSSIf\nc3VwZXJhZG1pbkB2YWtpbHNlYXJjaC5jb20GOwBUSSINZnVsbG5hbWUGOwBU\nSSIQU3VwZXIgQWRtaW4GOwBUSSIQX2NzcmZfdG9rZW4GOwBGSSIxa1VTdCsw\nb0gzaHkyU1ZybUpGZDJKQ1gwSFl1MEtTZzNCazA0eHNucmhHZz0GOwBG\n"], ["updated_at", "2015-07-30 09:15:46.018302"], ["id", 4]]
  [1m[35m (19.0ms)[0m  COMMIT


Started POST "/" for 127.0.0.1 at 2015-07-30 14:45:46 +0530
  [1m[36mSQL (3.2ms)[0m  [1mDELETE FROM "sessions" WHERE "sessions"."cas_ticket" = $1[0m  [["cas_ticket", "ST-14382477182781-QxhroupcNBLHxYmZdqTm1PIgGVHBpepGc7Ptt7F3"]]


Started GET "/?ticket=ST-14382477241473-bvoHUdRs7m5gu3Zt3FFuFDTy8ao4a2e2mEmBP4Y8" for 127.0.0.1 at 2015-07-30 14:45:46 +0530
  [1m[35mRackCAS::ActiveRecordStore::Session Load (0.5ms)[0m  SELECT  "sessions".* FROM "sessions" WHERE "sessions"."session_id" = $1  ORDER BY "sessions"."id" ASC LIMIT 1  [["session_id", "68650e2127a5a4b66c08975b0d4ec521"]]
  [1m[36mCACHE (0.0ms)[0m  [1mSELECT  "sessions".* FROM "sessions" WHERE "sessions"."session_id" = $1  ORDER BY "sessions"."id" ASC LIMIT 1[0m  [["session_id", "68650e2127a5a4b66c08975b0d4ec521"]]
  [1m[35m (0.2ms)[0m  BEGIN
  [1m[36mSQL (0.1ms)[0m  [1mINSERT INTO "sessions" ("session_id", "data", "cas_ticket", "created_at", "updated_at") VALUES ($1, $2, $3, $4, $5) RETURNING "id"[0m  [["session_id", "68650e2127a5a4b66c08975b0d4ec521"], ["data", "BAh7BkkiCGNhcwY6BkVUewhJIgl1c2VyBjsAVEkiH3N1cGVyYWRtaW5AdmFr\naWxzZWFyY2guY29tBjsAVEkiC3RpY2tldAY7AFRJIj9TVC0xNDM4MjQ3NzI0\nMTQ3My1idm9IVWRSczdtNWd1M1p0M0ZGdUZEVHk4YW80YTJlMm1FbUJQNFk4\nBjsAVEkiFWV4dHJhX2F0dHJpYnV0ZXMGOwBUewdJIgplbWFpbAY7AFRJIh9z\ndXBlcmFkbWluQHZha2lsc2VhcmNoLmNvbQY7AFRJIg1mdWxsbmFtZQY7AFRJ\nIhBTdXBlciBBZG1pbgY7AFQ=\n"], ["cas_ticket", "ST-14382477241473-bvoHUdRs7m5gu3Zt3FFuFDTy8ao4a2e2mEmBP4Y8"], ["created_at", "2015-07-30 09:15:46.084360"], ["updated_at", "2015-07-30 09:15:46.084360"]]
  [1m[35m (2.9ms)[0m  COMMIT


Started GET "/" for 127.0.0.1 at 2015-07-30 14:45:46 +0530
Processing by HomeController#index as HTML
  [1m[36mRackCAS::ActiveRecordStore::Session Load (0.2ms)[0m  [1mSELECT  "sessions".* FROM "sessions" WHERE "sessions"."session_id" = $1  ORDER BY "sessions"."id" ASC LIMIT 1[0m  [["session_id", "68650e2127a5a4b66c08975b0d4ec521"]]
  Rendered home/index.html.erb within layouts/application (7.8ms)
Completed 200 OK in 2667ms (Views: 20.0ms | ActiveRecord: 0.2ms)
  [1m[35mCACHE (0.0ms)[0m  SELECT  "sessions".* FROM "sessions" WHERE "sessions"."session_id" = $1  ORDER BY "sessions"."id" ASC LIMIT 1  [["session_id", "68650e2127a5a4b66c08975b0d4ec521"]]
  [1m[36m (0.1ms)[0m  [1mBEGIN[0m
  [1m[35mSQL (0.2ms)[0m  UPDATE "sessions" SET "data" = $1, "updated_at" = $2 WHERE "sessions"."id" = $3  [["data", "BAh7B0kiCGNhcwY6BkVUQzotQWN0aXZlU3VwcG9ydDo6SGFzaFdpdGhJbmRp\nZmZlcmVudEFjY2Vzc3sISSIJdXNlcgY7AFRJIh9zdXBlcmFkbWluQHZha2ls\nc2VhcmNoLmNvbQY7AFRJIgt0aWNrZXQGOwBUSSI/U1QtMTQzODI0NzcyNDE0\nNzMtYnZvSFVkUnM3bTVndTNadDNGRnVGRFR5OGFvNGEyZTJtRW1CUDRZOAY7\nAFRJIhVleHRyYV9hdHRyaWJ1dGVzBjsAVEM7BnsHSSIKZW1haWwGOwBUSSIf\nc3VwZXJhZG1pbkB2YWtpbHNlYXJjaC5jb20GOwBUSSINZnVsbG5hbWUGOwBU\nSSIQU3VwZXIgQWRtaW4GOwBUSSIQX2NzcmZfdG9rZW4GOwBGSSIxZm9LMGtU\nRjBDOTVuZWlvaWdYVlBaZWUxcFhpVGZlektyTG1hcVZSbjJxWT0GOwBG\n"], ["updated_at", "2015-07-30 09:15:48.760633"], ["id", 5]]
  [1m[36m (19.2ms)[0m  [1mCOMMIT[0m


Started GET "/assets/home.self-e3b0c44298fc1c149afbf4c8996fb92427ae41e4649b934ca495991b7852b855.css?body=1" for 127.0.0.1 at 2015-07-30 14:45:48 +0530


Started GET "/assets/application.self-e80e8f2318043e8af94dddc2adad5a4f09739a8ebb323b3ab31cd71d45fd9113.css?body=1" for 127.0.0.1 at 2015-07-30 14:45:48 +0530


Started GET "/assets/jquery.self-d03a5518f45df77341bdbe6201ba3bfa547ebba8ed64f0ea56bfa5f96ea7c074.js?body=1" for 127.0.0.1 at 2015-07-30 14:45:48 +0530


Started GET "/assets/home.self-877aef30ae1b040ab8a3aba4e3e309a11d7f2612f44dde450b5c157aa5f95c05.js?body=1" for 127.0.0.1 at 2015-07-30 14:45:48 +0530


Started GET "/assets/turbolinks.self-c37727e9bd6b2735da5c311aa83fead54ed0be6cc8bd9a65309e9c5abe2cbfff.js?body=1" for 127.0.0.1 at 2015-07-30 14:45:48 +0530


Started GET "/assets/jquery_ujs.self-ca5248a2fad13d6bd58ea121318d642f195f0b2dd818b30615f785ff365e8d1f.js?body=1" for 127.0.0.1 at 2015-07-30 14:45:48 +0530


Started GET "/assets/application.self-3b8dabdc891efe46b9a144b400ad69e37d7e5876bdc39dee783419a69d7ca819.js?body=1" for 127.0.0.1 at 2015-07-30 14:45:48 +0530


Started POST "/" for 127.0.0.1 at 2015-07-30 14:46:26 +0530
  [1m[35mSQL (8.8ms)[0m  DELETE FROM "sessions" WHERE "sessions"."cas_ticket" = $1  [["cas_ticket", "ST-14382477241473-bvoHUdRs7m5gu3Zt3FFuFDTy8ao4a2e2mEmBP4Y8"]]


Started GET "/" for 127.0.0.1 at 2015-07-30 14:46:28 +0530
Processing by HomeController#index as HTML
  [1m[36mRackCAS::ActiveRecordStore::Session Load (0.2ms)[0m  [1mSELECT  "sessions".* FROM "sessions" WHERE "sessions"."session_id" = $1  ORDER BY "sessions"."id" ASC LIMIT 1[0m  [["session_id", "68650e2127a5a4b66c08975b0d4ec521"]]
  Rendered text template (0.0ms)
Filter chain halted as :ensure_loggedin rendered or redirected
Completed 401 Unauthorized in 1ms (Views: 0.3ms | ActiveRecord: 0.2ms)
  [1m[35mCACHE (0.0ms)[0m  SELECT  "sessions".* FROM "sessions" WHERE "sessions"."session_id" = $1  ORDER BY "sessions"."id" ASC LIMIT 1  [["session_id", "68650e2127a5a4b66c08975b0d4ec521"]]
  [1m[36m (0.0ms)[0m  [1mBEGIN[0m
  [1m[35mSQL (0.1ms)[0m  INSERT INTO "sessions" ("session_id", "data", "created_at", "updated_at") VALUES ($1, $2, $3, $4) RETURNING "id"  [["session_id", "68650e2127a5a4b66c08975b0d4ec521"], ["data", "BAh7AA==\n"], ["created_at", "2015-07-30 09:16:28.774656"], ["updated_at", "2015-07-30 09:16:28.774656"]]
  [1m[36m (8.6ms)[0m  [1mCOMMIT[0m


Started GET "/" for 127.0.0.1 at 2015-07-30 14:46:39 +0530
Processing by HomeController#index as HTML
  Rendered text template (0.0ms)
Filter chain halted as :ensure_loggedin rendered or redirected
Completed 401 Unauthorized in 0ms (Views: 0.2ms | ActiveRecord: 0.0ms)


Started GET "/?ticket=ST-14382478227908-8gj6jwpDWu9SIGHanlAyVQkNbUJg0V3XcqaZqxGf" for 127.0.0.1 at 2015-07-30 14:47:02 +0530
  [1m[35mRackCAS::ActiveRecordStore::Session Load (0.2ms)[0m  SELECT  "sessions".* FROM "sessions" WHERE "sessions"."session_id" = $1  ORDER BY "sessions"."id" ASC LIMIT 1  [["session_id", "1ac4e0ccde569cb20eba340e0c0861a5"]]
  [1m[36m (0.0ms)[0m  [1mBEGIN[0m
  [1m[35mSQL (0.2ms)[0m  INSERT INTO "sessions" ("session_id", "data", "cas_ticket", "created_at", "updated_at") VALUES ($1, $2, $3, $4, $5) RETURNING "id"  [["session_id", "1ac4e0ccde569cb20eba340e0c0861a5"], ["data", "BAh7BkkiCGNhcwY6BkVUewhJIgl1c2VyBjsAVEkiH3N1cGVyYWRtaW5AdmFr\naWxzZWFyY2guY29tBjsAVEkiC3RpY2tldAY7AFRJIj9TVC0xNDM4MjQ3ODIy\nNzkwOC04Z2o2andwRFd1OVNJR0hhbmxBeVZRa05iVUpnMFYzWGNxYVpxeEdm\nBjsAVEkiFWV4dHJhX2F0dHJpYnV0ZXMGOwBUewdJIgplbWFpbAY7AFRJIh9z\ndXBlcmFkbWluQHZha2lsc2VhcmNoLmNvbQY7AFRJIg1mdWxsbmFtZQY7AFRJ\nIhBTdXBlciBBZG1pbgY7AFQ=\n"], ["cas_ticket", "ST-14382478227908-8gj6jwpDWu9SIGHanlAyVQkNbUJg0V3XcqaZqxGf"], ["created_at", "2015-07-30 09:17:03.292620"], ["updated_at", "2015-07-30 09:17:03.292620"]]
  [1m[36m (140.5ms)[0m  [1mCOMMIT[0m


Started POST "/" for 127.0.0.1 at 2015-07-30 14:47:03 +0530
  [1m[35mSQL (10.3ms)[0m  DELETE FROM "sessions" WHERE "sessions"."cas_ticket" = $1  [["cas_ticket", "ST-14382478227908-8gj6jwpDWu9SIGHanlAyVQkNbUJg0V3XcqaZqxGf"]]


Started GET "/?ticket=ST-14382478234797-Sk7Y4uISGEJq2KC9ePihIgmRtqhm1IEvof5MlwnL" for 127.0.0.1 at 2015-07-30 14:47:03 +0530
  [1m[36mRackCAS::ActiveRecordStore::Session Load (0.2ms)[0m  [1mSELECT  "sessions".* FROM "sessions" WHERE "sessions"."session_id" = $1  ORDER BY "sessions"."id" ASC LIMIT 1[0m  [["session_id", "51abbc36c69828a4f86fb6d3d6b6a383"]]
  [1m[35m (0.1ms)[0m  BEGIN
  [1m[36mSQL (0.2ms)[0m  [1mINSERT INTO "sessions" ("session_id", "data", "cas_ticket", "created_at", "updated_at") VALUES ($1, $2, $3, $4, $5) RETURNING "id"[0m  [["session_id", "51abbc36c69828a4f86fb6d3d6b6a383"], ["data", "BAh7BkkiCGNhcwY6BkVUewhJIgl1c2VyBjsAVEkiH3N1cGVyYWRtaW5AdmFr\naWxzZWFyY2guY29tBjsAVEkiC3RpY2tldAY7AFRJIj9TVC0xNDM4MjQ3ODIz\nNDc5Ny1TazdZNHVJU0dFSnEyS0M5ZVBpaElnbVJ0cWhtMUlFdm9mNU1sd25M\nBjsAVEkiFWV4dHJhX2F0dHJpYnV0ZXMGOwBUewdJIgplbWFpbAY7AFRJIh9z\ndXBlcmFkbWluQHZha2lsc2VhcmNoLmNvbQY7AFRJIg1mdWxsbmFtZQY7AFRJ\nIhBTdXBlciBBZG1pbgY7AFQ=\n"], ["cas_ticket", "ST-14382478234797-Sk7Y4uISGEJq2KC9ePihIgmRtqhm1IEvof5MlwnL"], ["created_at", "2015-07-30 09:17:03.520437"], ["updated_at", "2015-07-30 09:17:03.520437"]]
  [1m[35m (7.5ms)[0m  COMMIT


Started GET "/" for 127.0.0.1 at 2015-07-30 14:47:03 +0530
Processing by HomeController#index as HTML
  [1m[36mRackCAS::ActiveRecordStore::Session Load (0.2ms)[0m  [1mSELECT  "sessions".* FROM "sessions" WHERE "sessions"."session_id" = $1  ORDER BY "sessions"."id" ASC LIMIT 1[0m  [["session_id", "51abbc36c69828a4f86fb6d3d6b6a383"]]
  Rendered home/index.html.erb within layouts/application (3.0ms)
Completed 200 OK in 16ms (Views: 14.6ms | ActiveRecord: 0.2ms)
  [1m[35mCACHE (0.0ms)[0m  SELECT  "sessions".* FROM "sessions" WHERE "sessions"."session_id" = $1  ORDER BY "sessions"."id" ASC LIMIT 1  [["session_id", "51abbc36c69828a4f86fb6d3d6b6a383"]]
  [1m[36m (0.1ms)[0m  [1mBEGIN[0m
  [1m[35mSQL (0.2ms)[0m  UPDATE "sessions" SET "data" = $1, "updated_at" = $2 WHERE "sessions"."id" = $3  [["data", "BAh7B0kiCGNhcwY6BkVUQzotQWN0aXZlU3VwcG9ydDo6SGFzaFdpdGhJbmRp\nZmZlcmVudEFjY2Vzc3sISSIJdXNlcgY7AFRJIh9zdXBlcmFkbWluQHZha2ls\nc2VhcmNoLmNvbQY7AFRJIgt0aWNrZXQGOwBUSSI/U1QtMTQzODI0NzgyMzQ3\nOTctU2s3WTR1SVNHRUpxMktDOWVQaWhJZ21SdHFobTFJRXZvZjVNbHduTAY7\nAFRJIhVleHRyYV9hdHRyaWJ1dGVzBjsAVEM7BnsHSSIKZW1haWwGOwBUSSIf\nc3VwZXJhZG1pbkB2YWtpbHNlYXJjaC5jb20GOwBUSSINZnVsbG5hbWUGOwBU\nSSIQU3VwZXIgQWRtaW4GOwBUSSIQX2NzcmZfdG9rZW4GOwBGSSIxQ1FkajhP\nbm9ENUN2WTA1cm1DemlXTjR3bXUxS2tWamNiZDZRUDR2QWtHbz0GOwBG\n"], ["updated_at", "2015-07-30 09:17:03.548724"], ["id", 8]]
  [1m[36m (4.0ms)[0m  [1mCOMMIT[0m


Started GET "/assets/home.self-e3b0c44298fc1c149afbf4c8996fb92427ae41e4649b934ca495991b7852b855.css?body=1" for 127.0.0.1 at 2015-07-30 14:47:03 +0530


Started GET "/assets/application.self-e80e8f2318043e8af94dddc2adad5a4f09739a8ebb323b3ab31cd71d45fd9113.css?body=1" for 127.0.0.1 at 2015-07-30 14:47:03 +0530


Started GET "/assets/application.self-3b8dabdc891efe46b9a144b400ad69e37d7e5876bdc39dee783419a69d7ca819.js?body=1" for 127.0.0.1 at 2015-07-30 14:47:03 +0530


Started GET "/assets/jquery_ujs.self-ca5248a2fad13d6bd58ea121318d642f195f0b2dd818b30615f785ff365e8d1f.js?body=1" for 127.0.0.1 at 2015-07-30 14:47:03 +0530


Started GET "/assets/jquery.self-d03a5518f45df77341bdbe6201ba3bfa547ebba8ed64f0ea56bfa5f96ea7c074.js?body=1" for 127.0.0.1 at 2015-07-30 14:47:03 +0530


Started GET "/assets/home.self-877aef30ae1b040ab8a3aba4e3e309a11d7f2612f44dde450b5c157aa5f95c05.js?body=1" for 127.0.0.1 at 2015-07-30 14:47:03 +0530


Started GET "/assets/turbolinks.self-c37727e9bd6b2735da5c311aa83fead54ed0be6cc8bd9a65309e9c5abe2cbfff.js?body=1" for 127.0.0.1 at 2015-07-30 14:47:03 +0530


Started GET "/logout" for 127.0.0.1 at 2015-07-30 14:47:58 +0530
  [1m[35mRackCAS::ActiveRecordStore::Session Load (0.2ms)[0m  SELECT  "sessions".* FROM "sessions" WHERE "sessions"."session_id" = $1  ORDER BY "sessions"."id" ASC LIMIT 1  [["session_id", "51abbc36c69828a4f86fb6d3d6b6a383"]]
  [1m[36mCACHE (0.0ms)[0m  [1mSELECT  "sessions".* FROM "sessions" WHERE "sessions"."session_id" = $1  ORDER BY "sessions"."id" ASC LIMIT 1[0m  [["session_id", "51abbc36c69828a4f86fb6d3d6b6a383"]]
  [1m[35m (0.1ms)[0m  BEGIN
  [1m[36mSQL (0.2ms)[0m  [1mUPDATE "sessions" SET "data" = $1, "cas_ticket" = $2, "updated_at" = $3 WHERE "sessions"."id" = $4[0m  [["data", "BAh7AA==\n"], ["cas_ticket", nil], ["updated_at", "2015-07-30 09:17:58.213532"], ["id", 8]]
  [1m[35m (19.0ms)[0m  COMMIT


Started GET "/logout" for 127.0.0.1 at 2015-07-30 14:47:58 +0530
  [1m[36mRackCAS::ActiveRecordStore::Session Load (0.2ms)[0m  [1mSELECT  "sessions".* FROM "sessions" WHERE "sessions"."session_id" = $1  ORDER BY "sessions"."id" ASC LIMIT 1[0m  [["session_id", "51abbc36c69828a4f86fb6d3d6b6a383"]]
  [1m[35mCACHE (0.0ms)[0m  SELECT  "sessions".* FROM "sessions" WHERE "sessions"."session_id" = $1  ORDER BY "sessions"."id" ASC LIMIT 1  [["session_id", "51abbc36c69828a4f86fb6d3d6b6a383"]]
  [1m[36m (0.1ms)[0m  [1mBEGIN[0m
  [1m[35m (0.1ms)[0m  COMMIT


Started POST "/" for 127.0.0.1 at 2015-07-30 14:47:58 +0530
  [1m[36mSQL (0.3ms)[0m  [1mDELETE FROM "sessions" WHERE "sessions"."cas_ticket" = $1[0m  [["cas_ticket", "ST-14382478234797-Sk7Y4uISGEJq2KC9ePihIgmRtqhm1IEvof5MlwnL"]]


Started GET "/" for 127.0.0.1 at 2015-07-30 14:48:06 +0530
Processing by HomeController#index as HTML
  [1m[35mRackCAS::ActiveRecordStore::Session Load (0.1ms)[0m  SELECT  "sessions".* FROM "sessions" WHERE "sessions"."session_id" = $1  ORDER BY "sessions"."id" ASC LIMIT 1  [["session_id", "51abbc36c69828a4f86fb6d3d6b6a383"]]
  Rendered text template (0.0ms)
Filter chain halted as :ensure_loggedin rendered or redirected
Completed 401 Unauthorized in 1ms (Views: 0.2ms | ActiveRecord: 0.1ms)
  [1m[36mCACHE (0.0ms)[0m  [1mSELECT  "sessions".* FROM "sessions" WHERE "sessions"."session_id" = $1  ORDER BY "sessions"."id" ASC LIMIT 1[0m  [["session_id", "51abbc36c69828a4f86fb6d3d6b6a383"]]
  [1m[35m (0.1ms)[0m  BEGIN
  [1m[36m (0.1ms)[0m  [1mCOMMIT[0m


Started POST "/users/service" for 127.0.0.1 at 2015-07-30 14:55:32 +0530
  [1m[35mSQL (0.1ms)[0m  DELETE FROM "sessions" WHERE "sessions"."cas_ticket" = $1  [["cas_ticket", "ST-14382362301410-9BRxy7wJ7yGtwK9kjbNgAnRs7jaq8hM6rote6XXX"]]


Started GET "/" for 127.0.0.1 at 2015-07-30 14:55:35 +0530
Processing by HomeController#index as HTML
  [1m[36mRackCAS::ActiveRecordStore::Session Load (0.1ms)[0m  [1mSELECT  "sessions".* FROM "sessions" WHERE "sessions"."session_id" = $1  ORDER BY "sessions"."id" ASC LIMIT 1[0m  [["session_id", "97005981105fdd7a622249cc1fa86ff9"]]
  Rendered text template (0.0ms)
Filter chain halted as :ensure_loggedin rendered or redirected
Completed 401 Unauthorized in 1ms (Views: 0.2ms | ActiveRecord: 0.1ms)
  [1m[35mCACHE (0.0ms)[0m  SELECT  "sessions".* FROM "sessions" WHERE "sessions"."session_id" = $1  ORDER BY "sessions"."id" ASC LIMIT 1  [["session_id", "97005981105fdd7a622249cc1fa86ff9"]]
  [1m[36m (0.1ms)[0m  [1mBEGIN[0m
  [1m[35m (0.0ms)[0m  COMMIT


Started GET "/?ticket=ST-14382483467597-31uq4Wtk0Y6NcmPQN8dP8Bxp7yjO0Wb7GnzJqArs" for 127.0.0.1 at 2015-07-30 14:55:46 +0530
  [1m[36mRackCAS::ActiveRecordStore::Session Load (0.2ms)[0m  [1mSELECT  "sessions".* FROM "sessions" WHERE "sessions"."session_id" = $1  ORDER BY "sessions"."id" ASC LIMIT 1[0m  [["session_id", "97005981105fdd7a622249cc1fa86ff9"]]
  [1m[35mCACHE (0.0ms)[0m  SELECT  "sessions".* FROM "sessions" WHERE "sessions"."session_id" = $1  ORDER BY "sessions"."id" ASC LIMIT 1  [["session_id", "97005981105fdd7a622249cc1fa86ff9"]]
  [1m[36m (0.1ms)[0m  [1mBEGIN[0m
  [1m[35mSQL (0.3ms)[0m  UPDATE "sessions" SET "data" = $1, "cas_ticket" = $2, "updated_at" = $3 WHERE "sessions"."id" = $4  [["data", "BAh7BkkiCGNhcwY6BkVUewhJIgl1c2VyBjsAVEkiH3N1cGVyYWRtaW5AdmFr\naWxzZWFyY2guY29tBjsAVEkiC3RpY2tldAY7AFRJIj9TVC0xNDM4MjQ4MzQ2\nNzU5Ny0zMXVxNFd0azBZNk5jbVBRTjhkUDhCeHA3eWpPMFdiN0duekpxQXJz\nBjsAVEkiFWV4dHJhX2F0dHJpYnV0ZXMGOwBUewdJIgplbWFpbAY7AFRJIh9z\ndXBlcmFkbWluQHZha2lsc2VhcmNoLmNvbQY7AFRJIg1mdWxsbmFtZQY7AFRJ\nIhBTdXBlciBBZG1pbgY7AFQ=\n"], ["cas_ticket", "ST-14382483467597-31uq4Wtk0Y6NcmPQN8dP8Bxp7yjO0Wb7GnzJqArs"], ["updated_at", "2015-07-30 09:25:46.812417"], ["id", 3]]
  [1m[36m (9.6ms)[0m  [1mCOMMIT[0m


Started GET "/" for 127.0.0.1 at 2015-07-30 14:55:46 +0530
Processing by HomeController#index as HTML
  [1m[35mRackCAS::ActiveRecordStore::Session Load (0.2ms)[0m  SELECT  "sessions".* FROM "sessions" WHERE "sessions"."session_id" = $1  ORDER BY "sessions"."id" ASC LIMIT 1  [["session_id", "97005981105fdd7a622249cc1fa86ff9"]]
  Rendered home/index.html.erb within layouts/application (0.5ms)
Completed 200 OK in 18ms (Views: 16.8ms | ActiveRecord: 0.2ms)
  [1m[36mCACHE (0.0ms)[0m  [1mSELECT  "sessions".* FROM "sessions" WHERE "sessions"."session_id" = $1  ORDER BY "sessions"."id" ASC LIMIT 1[0m  [["session_id", "97005981105fdd7a622249cc1fa86ff9"]]
  [1m[35m (0.1ms)[0m  BEGIN
  [1m[36mSQL (0.3ms)[0m  [1mUPDATE "sessions" SET "data" = $1, "updated_at" = $2 WHERE "sessions"."id" = $3[0m  [["data", "BAh7B0kiCGNhcwY6BkVUQzotQWN0aXZlU3VwcG9ydDo6SGFzaFdpdGhJbmRp\nZmZlcmVudEFjY2Vzc3sISSIJdXNlcgY7AFRJIh9zdXBlcmFkbWluQHZha2ls\nc2VhcmNoLmNvbQY7AFRJIgt0aWNrZXQGOwBUSSI/U1QtMTQzODI0ODM0Njc1\nOTctMzF1cTRXdGswWTZOY21QUU44ZFA4QnhwN3lqTzBXYjdHbnpKcUFycwY7\nAFRJIhVleHRyYV9hdHRyaWJ1dGVzBjsAVEM7BnsHSSIKZW1haWwGOwBUSSIf\nc3VwZXJhZG1pbkB2YWtpbHNlYXJjaC5jb20GOwBUSSINZnVsbG5hbWUGOwBU\nSSIQU3VwZXIgQWRtaW4GOwBUSSIQX2NzcmZfdG9rZW4GOwBGSSIxWTJMc2xv\nS3BPMyt2WWFraEdYLzZtMDI0eURXSXVuN01SN042M3lwdFhEST0GOwBG\n"], ["updated_at", "2015-07-30 09:25:46.847865"], ["id", 3]]
  [1m[35m (7.7ms)[0m  COMMIT


Started GET "/assets/application.self-e80e8f2318043e8af94dddc2adad5a4f09739a8ebb323b3ab31cd71d45fd9113.css?body=1" for 127.0.0.1 at 2015-07-30 14:55:46 +0530


Started GET "/logout" for 127.0.0.1 at 2015-07-30 14:56:03 +0530
  [1m[36mRackCAS::ActiveRecordStore::Session Load (0.2ms)[0m  [1mSELECT  "sessions".* FROM "sessions" WHERE "sessions"."session_id" = $1  ORDER BY "sessions"."id" ASC LIMIT 1[0m  [["session_id", "97005981105fdd7a622249cc1fa86ff9"]]
  [1m[35mCACHE (0.0ms)[0m  SELECT  "sessions".* FROM "sessions" WHERE "sessions"."session_id" = $1  ORDER BY "sessions"."id" ASC LIMIT 1  [["session_id", "97005981105fdd7a622249cc1fa86ff9"]]
  [1m[36m (0.1ms)[0m  [1mBEGIN[0m
  [1m[35mSQL (0.2ms)[0m  UPDATE "sessions" SET "data" = $1, "cas_ticket" = $2, "updated_at" = $3 WHERE "sessions"."id" = $4  [["data", "BAh7AA==\n"], ["cas_ticket", nil], ["updated_at", "2015-07-30 09:26:03.295254"], ["id", 3]]
  [1m[36m (20.4ms)[0m  [1mCOMMIT[0m


Started GET "/logout" for 127.0.0.1 at 2015-07-30 14:56:03 +0530
  [1m[35mRackCAS::ActiveRecordStore::Session Load (0.2ms)[0m  SELECT  "sessions".* FROM "sessions" WHERE "sessions"."session_id" = $1  ORDER BY "sessions"."id" ASC LIMIT 1  [["session_id", "97005981105fdd7a622249cc1fa86ff9"]]
  [1m[36mCACHE (0.0ms)[0m  [1mSELECT  "sessions".* FROM "sessions" WHERE "sessions"."session_id" = $1  ORDER BY "sessions"."id" ASC LIMIT 1[0m  [["session_id", "97005981105fdd7a622249cc1fa86ff9"]]
  [1m[35m (0.1ms)[0m  BEGIN
  [1m[36m (0.1ms)[0m  [1mCOMMIT[0m


Started POST "/" for 127.0.0.1 at 2015-07-30 14:56:03 +0530
  [1m[35mSQL (0.2ms)[0m  DELETE FROM "sessions" WHERE "sessions"."cas_ticket" = $1  [["cas_ticket", "ST-14382483467597-31uq4Wtk0Y6NcmPQN8dP8Bxp7yjO0Wb7GnzJqArs"]]


Started GET "/" for 127.0.0.1 at 2015-07-30 15:02:29 +0530
Processing by HomeController#index as HTML
  [1m[36mRackCAS::ActiveRecordStore::Session Load (0.1ms)[0m  [1mSELECT  "sessions".* FROM "sessions" WHERE "sessions"."session_id" = $1  ORDER BY "sessions"."id" ASC LIMIT 1[0m  [["session_id", "97005981105fdd7a622249cc1fa86ff9"]]
  Rendered text template (0.0ms)
Filter chain halted as :ensure_loggedin rendered or redirected
Completed 401 Unauthorized in 1ms (Views: 0.2ms | ActiveRecord: 0.1ms)
  [1m[35mCACHE (0.0ms)[0m  SELECT  "sessions".* FROM "sessions" WHERE "sessions"."session_id" = $1  ORDER BY "sessions"."id" ASC LIMIT 1  [["session_id", "97005981105fdd7a622249cc1fa86ff9"]]
  [1m[36m (0.1ms)[0m  [1mBEGIN[0m
  [1m[35m (0.1ms)[0m  COMMIT


Started GET "/helpdesk/new_tickets" for 127.0.0.1 at 2015-07-30 15:02:38 +0530

ActionController::RoutingError (No route matches [GET] "/helpdesk/new_tickets"):
  actionpack (4.2.3) lib/action_dispatch/middleware/debug_exceptions.rb:21:in `call'
  web-console (2.2.1) lib/web_console/middleware.rb:39:in `call'
  actionpack (4.2.3) lib/action_dispatch/middleware/show_exceptions.rb:30:in `call'
  railties (4.2.3) lib/rails/rack/logger.rb:38:in `call_app'
  railties (4.2.3) lib/rails/rack/logger.rb:20:in `block in call'
  activesupport (4.2.3) lib/active_support/tagged_logging.rb:68:in `block in tagged'
  activesupport (4.2.3) lib/active_support/tagged_logging.rb:26:in `tagged'
  activesupport (4.2.3) lib/active_support/tagged_logging.rb:68:in `tagged'
  railties (4.2.3) lib/rails/rack/logger.rb:20:in `call'
  actionpack (4.2.3) lib/action_dispatch/middleware/request_id.rb:21:in `call'
  rack (1.6.4) lib/rack/methodoverride.rb:22:in `call'
  rack (1.6.4) lib/rack/runtime.rb:18:in `call'
  activesupport (4.2.3) lib/active_support/cache/strategy/local_cache_middleware.rb:28:in `call'
  rack (1.6.4) lib/rack/lock.rb:17:in `call'
  actionpack (4.2.3) lib/action_dispatch/middleware/static.rb:116:in `call'
  rack (1.6.4) lib/rack/sendfile.rb:113:in `call'
  railties (4.2.3) lib/rails/engine.rb:518:in `call'
  railties (4.2.3) lib/rails/application.rb:165:in `call'
  rack (1.6.4) lib/rack/lock.rb:17:in `call'
  rack (1.6.4) lib/rack/content_length.rb:15:in `call'
  rack (1.6.4) lib/rack/handler/webrick.rb:88:in `service'
  /home/sunil/.rvm/rubies/ruby-2.1.5/lib/ruby/2.1.0/webrick/httpserver.rb:138:in `service'
  /home/sunil/.rvm/rubies/ruby-2.1.5/lib/ruby/2.1.0/webrick/httpserver.rb:94:in `run'
  /home/sunil/.rvm/rubies/ruby-2.1.5/lib/ruby/2.1.0/webrick/server.rb:295:in `block in start_thread'


  Rendered /home/sunil/.rvm/gems/ruby-2.1.5/gems/actionpack-4.2.3/lib/action_dispatch/middleware/templates/rescues/_trace.html.erb (0.7ms)
  Rendered /home/sunil/.rvm/gems/ruby-2.1.5/gems/actionpack-4.2.3/lib/action_dispatch/middleware/templates/routes/_route.html.erb (0.7ms)
  Rendered /home/sunil/.rvm/gems/ruby-2.1.5/gems/actionpack-4.2.3/lib/action_dispatch/middleware/templates/routes/_table.html.erb (3.2ms)
  [1m[36mRackCAS::ActiveRecordStore::Session Load (0.2ms)[0m  [1mSELECT  "sessions".* FROM "sessions" WHERE "sessions"."session_id" = $1  ORDER BY "sessions"."id" ASC LIMIT 1[0m  [["session_id", "97005981105fdd7a622249cc1fa86ff9"]]
  Rendered /home/sunil/.rvm/gems/ruby-2.1.5/gems/actionpack-4.2.3/lib/action_dispatch/middleware/templates/rescues/_request_and_response.html.erb (1.7ms)
  Rendered /home/sunil/.rvm/gems/ruby-2.1.5/gems/actionpack-4.2.3/lib/action_dispatch/middleware/templates/rescues/routing_error.html.erb within rescues/layout (18.6ms)
  Rendered /home/sunil/.rvm/gems/ruby-2.1.5/gems/web-console-2.2.1/lib/web_console/templates/_markup.html.erb (0.2ms)
  Rendered /home/sunil/.rvm/gems/ruby-2.1.5/gems/web-console-2.2.1/lib/web_console/templates/_inner_console_markup.html.erb within layouts/inlined_string (0.1ms)
  Rendered /home/sunil/.rvm/gems/ruby-2.1.5/gems/web-console-2.2.1/lib/web_console/templates/_prompt_box_markup.html.erb within layouts/inlined_string (0.2ms)
  Rendered /home/sunil/.rvm/gems/ruby-2.1.5/gems/web-console-2.2.1/lib/web_console/templates/style.css.erb within layouts/inlined_string (0.2ms)
  Rendered /home/sunil/.rvm/gems/ruby-2.1.5/gems/web-console-2.2.1/lib/web_console/templates/console.js.erb within layouts/javascript (6.9ms)
  Rendered /home/sunil/.rvm/gems/ruby-2.1.5/gems/web-console-2.2.1/lib/web_console/templates/main.js.erb within layouts/javascript (0.1ms)
  Rendered /home/sunil/.rvm/gems/ruby-2.1.5/gems/web-console-2.2.1/lib/web_console/templates/error_page.js.erb within layouts/javascript (0.2ms)
  Rendered /home/sunil/.rvm/gems/ruby-2.1.5/gems/web-console-2.2.1/lib/web_console/templates/index.html.erb (14.4ms)


Started GET "/home" for 127.0.0.1 at 2015-07-30 15:02:39 +0530

ActionController::RoutingError (No route matches [GET] "/home"):
  actionpack (4.2.3) lib/action_dispatch/middleware/debug_exceptions.rb:21:in `call'
  web-console (2.2.1) lib/web_console/middleware.rb:39:in `call'
  actionpack (4.2.3) lib/action_dispatch/middleware/show_exceptions.rb:30:in `call'
  railties (4.2.3) lib/rails/rack/logger.rb:38:in `call_app'
  railties (4.2.3) lib/rails/rack/logger.rb:20:in `block in call'
  activesupport (4.2.3) lib/active_support/tagged_logging.rb:68:in `block in tagged'
  activesupport (4.2.3) lib/active_support/tagged_logging.rb:26:in `tagged'
  activesupport (4.2.3) lib/active_support/tagged_logging.rb:68:in `tagged'
  railties (4.2.3) lib/rails/rack/logger.rb:20:in `call'
  actionpack (4.2.3) lib/action_dispatch/middleware/request_id.rb:21:in `call'
  rack (1.6.4) lib/rack/methodoverride.rb:22:in `call'
  rack (1.6.4) lib/rack/runtime.rb:18:in `call'
  activesupport (4.2.3) lib/active_support/cache/strategy/local_cache_middleware.rb:28:in `call'
  rack (1.6.4) lib/rack/lock.rb:17:in `call'
  actionpack (4.2.3) lib/action_dispatch/middleware/static.rb:116:in `call'
  rack (1.6.4) lib/rack/sendfile.rb:113:in `call'
  railties (4.2.3) lib/rails/engine.rb:518:in `call'
  railties (4.2.3) lib/rails/application.rb:165:in `call'
  rack (1.6.4) lib/rack/lock.rb:17:in `call'
  rack (1.6.4) lib/rack/content_length.rb:15:in `call'
  rack (1.6.4) lib/rack/handler/webrick.rb:88:in `service'
  /home/sunil/.rvm/rubies/ruby-2.1.5/lib/ruby/2.1.0/webrick/httpserver.rb:138:in `service'
  /home/sunil/.rvm/rubies/ruby-2.1.5/lib/ruby/2.1.0/webrick/httpserver.rb:94:in `run'
  /home/sunil/.rvm/rubies/ruby-2.1.5/lib/ruby/2.1.0/webrick/server.rb:295:in `block in start_thread'


  Rendered /home/sunil/.rvm/gems/ruby-2.1.5/gems/actionpack-4.2.3/lib/action_dispatch/middleware/templates/rescues/_trace.html.erb (0.6ms)
  Rendered /home/sunil/.rvm/gems/ruby-2.1.5/gems/actionpack-4.2.3/lib/action_dispatch/middleware/templates/routes/_route.html.erb (0.8ms)
  Rendered /home/sunil/.rvm/gems/ruby-2.1.5/gems/actionpack-4.2.3/lib/action_dispatch/middleware/templates/routes/_table.html.erb (0.6ms)
  [1m[35mRackCAS::ActiveRecordStore::Session Load (0.1ms)[0m  SELECT  "sessions".* FROM "sessions" WHERE "sessions"."session_id" = $1  ORDER BY "sessions"."id" ASC LIMIT 1  [["session_id", "97005981105fdd7a622249cc1fa86ff9"]]
  Rendered /home/sunil/.rvm/gems/ruby-2.1.5/gems/actionpack-4.2.3/lib/action_dispatch/middleware/templates/rescues/_request_and_response.html.erb (9.4ms)
  Rendered /home/sunil/.rvm/gems/ruby-2.1.5/gems/actionpack-4.2.3/lib/action_dispatch/middleware/templates/rescues/routing_error.html.erb within rescues/layout (21.1ms)
  Rendered /home/sunil/.rvm/gems/ruby-2.1.5/gems/web-console-2.2.1/lib/web_console/templates/_markup.html.erb (0.2ms)
  Rendered /home/sunil/.rvm/gems/ruby-2.1.5/gems/web-console-2.2.1/lib/web_console/templates/_inner_console_markup.html.erb within layouts/inlined_string (0.1ms)
  Rendered /home/sunil/.rvm/gems/ruby-2.1.5/gems/web-console-2.2.1/lib/web_console/templates/_prompt_box_markup.html.erb within layouts/inlined_string (0.1ms)
  Rendered /home/sunil/.rvm/gems/ruby-2.1.5/gems/web-console-2.2.1/lib/web_console/templates/style.css.erb within layouts/inlined_string (0.1ms)
  Rendered /home/sunil/.rvm/gems/ruby-2.1.5/gems/web-console-2.2.1/lib/web_console/templates/console.js.erb within layouts/javascript (6.8ms)
  Rendered /home/sunil/.rvm/gems/ruby-2.1.5/gems/web-console-2.2.1/lib/web_console/templates/main.js.erb within layouts/javascript (0.1ms)
  Rendered /home/sunil/.rvm/gems/ruby-2.1.5/gems/web-console-2.2.1/lib/web_console/templates/error_page.js.erb within layouts/javascript (0.2ms)
  Rendered /home/sunil/.rvm/gems/ruby-2.1.5/gems/web-console-2.2.1/lib/web_console/templates/index.html.erb (14.6ms)


Started GET "/home/index" for 127.0.0.1 at 2015-07-30 15:02:44 +0530

ActionController::RoutingError (No route matches [GET] "/home/index"):
  actionpack (4.2.3) lib/action_dispatch/middleware/debug_exceptions.rb:21:in `call'
  web-console (2.2.1) lib/web_console/middleware.rb:39:in `call'
  actionpack (4.2.3) lib/action_dispatch/middleware/show_exceptions.rb:30:in `call'
  railties (4.2.3) lib/rails/rack/logger.rb:38:in `call_app'
  railties (4.2.3) lib/rails/rack/logger.rb:20:in `block in call'
  activesupport (4.2.3) lib/active_support/tagged_logging.rb:68:in `block in tagged'
  activesupport (4.2.3) lib/active_support/tagged_logging.rb:26:in `tagged'
  activesupport (4.2.3) lib/active_support/tagged_logging.rb:68:in `tagged'
  railties (4.2.3) lib/rails/rack/logger.rb:20:in `call'
  actionpack (4.2.3) lib/action_dispatch/middleware/request_id.rb:21:in `call'
  rack (1.6.4) lib/rack/methodoverride.rb:22:in `call'
  rack (1.6.4) lib/rack/runtime.rb:18:in `call'
  activesupport (4.2.3) lib/active_support/cache/strategy/local_cache_middleware.rb:28:in `call'
  rack (1.6.4) lib/rack/lock.rb:17:in `call'
  actionpack (4.2.3) lib/action_dispatch/middleware/static.rb:116:in `call'
  rack (1.6.4) lib/rack/sendfile.rb:113:in `call'
  railties (4.2.3) lib/rails/engine.rb:518:in `call'
  railties (4.2.3) lib/rails/application.rb:165:in `call'
  rack (1.6.4) lib/rack/lock.rb:17:in `call'
  rack (1.6.4) lib/rack/content_length.rb:15:in `call'
  rack (1.6.4) lib/rack/handler/webrick.rb:88:in `service'
  /home/sunil/.rvm/rubies/ruby-2.1.5/lib/ruby/2.1.0/webrick/httpserver.rb:138:in `service'
  /home/sunil/.rvm/rubies/ruby-2.1.5/lib/ruby/2.1.0/webrick/httpserver.rb:94:in `run'
  /home/sunil/.rvm/rubies/ruby-2.1.5/lib/ruby/2.1.0/webrick/server.rb:295:in `block in start_thread'


  Rendered /home/sunil/.rvm/gems/ruby-2.1.5/gems/actionpack-4.2.3/lib/action_dispatch/middleware/templates/rescues/_trace.html.erb (0.7ms)
  Rendered /home/sunil/.rvm/gems/ruby-2.1.5/gems/actionpack-4.2.3/lib/action_dispatch/middleware/templates/routes/_route.html.erb (0.6ms)
  Rendered /home/sunil/.rvm/gems/ruby-2.1.5/gems/actionpack-4.2.3/lib/action_dispatch/middleware/templates/routes/_table.html.erb (0.7ms)
  [1m[36mRackCAS::ActiveRecordStore::Session Load (0.2ms)[0m  [1mSELECT  "sessions".* FROM "sessions" WHERE "sessions"."session_id" = $1  ORDER BY "sessions"."id" ASC LIMIT 1[0m  [["session_id", "97005981105fdd7a622249cc1fa86ff9"]]
  Rendered /home/sunil/.rvm/gems/ruby-2.1.5/gems/actionpack-4.2.3/lib/action_dispatch/middleware/templates/rescues/_request_and_response.html.erb (1.5ms)
  Rendered /home/sunil/.rvm/gems/ruby-2.1.5/gems/actionpack-4.2.3/lib/action_dispatch/middleware/templates/rescues/routing_error.html.erb within rescues/layout (12.8ms)
  Rendered /home/sunil/.rvm/gems/ruby-2.1.5/gems/web-console-2.2.1/lib/web_console/templates/_markup.html.erb (0.2ms)
  Rendered /home/sunil/.rvm/gems/ruby-2.1.5/gems/web-console-2.2.1/lib/web_console/templates/_inner_console_markup.html.erb within layouts/inlined_string (0.2ms)
  Rendered /home/sunil/.rvm/gems/ruby-2.1.5/gems/web-console-2.2.1/lib/web_console/templates/_prompt_box_markup.html.erb within layouts/inlined_string (0.1ms)
  Rendered /home/sunil/.rvm/gems/ruby-2.1.5/gems/web-console-2.2.1/lib/web_console/templates/style.css.erb within layouts/inlined_string (0.2ms)
  Rendered /home/sunil/.rvm/gems/ruby-2.1.5/gems/web-console-2.2.1/lib/web_console/templates/console.js.erb within layouts/javascript (7.2ms)
  Rendered /home/sunil/.rvm/gems/ruby-2.1.5/gems/web-console-2.2.1/lib/web_console/templates/main.js.erb within layouts/javascript (0.1ms)
  Rendered /home/sunil/.rvm/gems/ruby-2.1.5/gems/web-console-2.2.1/lib/web_console/templates/error_page.js.erb within layouts/javascript (0.2ms)
  Rendered /home/sunil/.rvm/gems/ruby-2.1.5/gems/web-console-2.2.1/lib/web_console/templates/index.html.erb (14.8ms)


Started GET "/home" for 127.0.0.1 at 2015-07-30 15:03:08 +0530

ActionController::RoutingError (No route matches [GET] "/home"):
  actionpack (4.2.3) lib/action_dispatch/middleware/debug_exceptions.rb:21:in `call'
  web-console (2.2.1) lib/web_console/middleware.rb:39:in `call'
  actionpack (4.2.3) lib/action_dispatch/middleware/show_exceptions.rb:30:in `call'
  railties (4.2.3) lib/rails/rack/logger.rb:38:in `call_app'
  railties (4.2.3) lib/rails/rack/logger.rb:20:in `block in call'
  activesupport (4.2.3) lib/active_support/tagged_logging.rb:68:in `block in tagged'
  activesupport (4.2.3) lib/active_support/tagged_logging.rb:26:in `tagged'
  activesupport (4.2.3) lib/active_support/tagged_logging.rb:68:in `tagged'
  railties (4.2.3) lib/rails/rack/logger.rb:20:in `call'
  actionpack (4.2.3) lib/action_dispatch/middleware/request_id.rb:21:in `call'
  rack (1.6.4) lib/rack/methodoverride.rb:22:in `call'
  rack (1.6.4) lib/rack/runtime.rb:18:in `call'
  activesupport (4.2.3) lib/active_support/cache/strategy/local_cache_middleware.rb:28:in `call'
  rack (1.6.4) lib/rack/lock.rb:17:in `call'
  actionpack (4.2.3) lib/action_dispatch/middleware/static.rb:116:in `call'
  rack (1.6.4) lib/rack/sendfile.rb:113:in `call'
  railties (4.2.3) lib/rails/engine.rb:518:in `call'
  railties (4.2.3) lib/rails/application.rb:165:in `call'
  rack (1.6.4) lib/rack/lock.rb:17:in `call'
  rack (1.6.4) lib/rack/content_length.rb:15:in `call'
  rack (1.6.4) lib/rack/handler/webrick.rb:88:in `service'
  /home/sunil/.rvm/rubies/ruby-2.1.5/lib/ruby/2.1.0/webrick/httpserver.rb:138:in `service'
  /home/sunil/.rvm/rubies/ruby-2.1.5/lib/ruby/2.1.0/webrick/httpserver.rb:94:in `run'
  /home/sunil/.rvm/rubies/ruby-2.1.5/lib/ruby/2.1.0/webrick/server.rb:295:in `block in start_thread'


  Rendered /home/sunil/.rvm/gems/ruby-2.1.5/gems/actionpack-4.2.3/lib/action_dispatch/middleware/templates/rescues/_trace.html.erb (0.8ms)
  Rendered /home/sunil/.rvm/gems/ruby-2.1.5/gems/actionpack-4.2.3/lib/action_dispatch/middleware/templates/routes/_route.html.erb (0.8ms)
  Rendered /home/sunil/.rvm/gems/ruby-2.1.5/gems/actionpack-4.2.3/lib/action_dispatch/middleware/templates/routes/_table.html.erb (0.6ms)
  [1m[35mRackCAS::ActiveRecordStore::Session Load (0.1ms)[0m  SELECT  "sessions".* FROM "sessions" WHERE "sessions"."session_id" = $1  ORDER BY "sessions"."id" ASC LIMIT 1  [["session_id", "97005981105fdd7a622249cc1fa86ff9"]]
  Rendered /home/sunil/.rvm/gems/ruby-2.1.5/gems/actionpack-4.2.3/lib/action_dispatch/middleware/templates/rescues/_request_and_response.html.erb (1.7ms)
  Rendered /home/sunil/.rvm/gems/ruby-2.1.5/gems/actionpack-4.2.3/lib/action_dispatch/middleware/templates/rescues/routing_error.html.erb within rescues/layout (13.5ms)
  Rendered /home/sunil/.rvm/gems/ruby-2.1.5/gems/web-console-2.2.1/lib/web_console/templates/_markup.html.erb (0.1ms)
  Rendered /home/sunil/.rvm/gems/ruby-2.1.5/gems/web-console-2.2.1/lib/web_console/templates/_inner_console_markup.html.erb within layouts/inlined_string (0.2ms)
  Rendered /home/sunil/.rvm/gems/ruby-2.1.5/gems/web-console-2.2.1/lib/web_console/templates/_prompt_box_markup.html.erb within layouts/inlined_string (0.1ms)
  Rendered /home/sunil/.rvm/gems/ruby-2.1.5/gems/web-console-2.2.1/lib/web_console/templates/style.css.erb within layouts/inlined_string (0.2ms)
  Rendered /home/sunil/.rvm/gems/ruby-2.1.5/gems/web-console-2.2.1/lib/web_console/templates/console.js.erb within layouts/javascript (6.9ms)
  Rendered /home/sunil/.rvm/gems/ruby-2.1.5/gems/web-console-2.2.1/lib/web_console/templates/main.js.erb within layouts/javascript (0.1ms)
  Rendered /home/sunil/.rvm/gems/ruby-2.1.5/gems/web-console-2.2.1/lib/web_console/templates/error_page.js.erb within layouts/javascript (0.2ms)
  Rendered /home/sunil/.rvm/gems/ruby-2.1.5/gems/web-console-2.2.1/lib/web_console/templates/index.html.erb (14.5ms)


Started GET "/" for 127.0.0.1 at 2015-07-30 15:03:12 +0530
Processing by HomeController#index as HTML
  [1m[36mRackCAS::ActiveRecordStore::Session Load (0.2ms)[0m  [1mSELECT  "sessions".* FROM "sessions" WHERE "sessions"."session_id" = $1  ORDER BY "sessions"."id" ASC LIMIT 1[0m  [["session_id", "97005981105fdd7a622249cc1fa86ff9"]]
  Rendered text template (0.0ms)
Filter chain halted as :ensure_loggedin rendered or redirected
Completed 401 Unauthorized in 1ms (Views: 0.2ms | ActiveRecord: 0.2ms)
  [1m[35mCACHE (0.0ms)[0m  SELECT  "sessions".* FROM "sessions" WHERE "sessions"."session_id" = $1  ORDER BY "sessions"."id" ASC LIMIT 1  [["session_id", "97005981105fdd7a622249cc1fa86ff9"]]
  [1m[36m (0.1ms)[0m  [1mBEGIN[0m
  [1m[35m (0.1ms)[0m  COMMIT


Started GET "/?ticket=ST-14382488015370-xoW9DjUkSEBgoVBktOepFt4JSb6UIA9aflUgdNkf" for 127.0.0.1 at 2015-07-30 15:03:21 +0530
  [1m[36mRackCAS::ActiveRecordStore::Session Load (0.3ms)[0m  [1mSELECT  "sessions".* FROM "sessions" WHERE "sessions"."session_id" = $1  ORDER BY "sessions"."id" ASC LIMIT 1[0m  [["session_id", "97005981105fdd7a622249cc1fa86ff9"]]
  [1m[35mCACHE (0.0ms)[0m  SELECT  "sessions".* FROM "sessions" WHERE "sessions"."session_id" = $1  ORDER BY "sessions"."id" ASC LIMIT 1  [["session_id", "97005981105fdd7a622249cc1fa86ff9"]]
  [1m[36m (0.1ms)[0m  [1mBEGIN[0m
  [1m[35mSQL (0.3ms)[0m  UPDATE "sessions" SET "data" = $1, "cas_ticket" = $2, "updated_at" = $3 WHERE "sessions"."id" = $4  [["data", "BAh7BkkiCGNhcwY6BkVUewhJIgl1c2VyBjsAVEkiH3N1cGVyYWRtaW5AdmFr\naWxzZWFyY2guY29tBjsAVEkiC3RpY2tldAY7AFRJIj9TVC0xNDM4MjQ4ODAx\nNTM3MC14b1c5RGpVa1NFQmdvVkJrdE9lcEZ0NEpTYjZVSUE5YWZsVWdkTmtm\nBjsAVEkiFWV4dHJhX2F0dHJpYnV0ZXMGOwBUewdJIgplbWFpbAY7AFRJIh9z\ndXBlcmFkbWluQHZha2lsc2VhcmNoLmNvbQY7AFRJIg1mdWxsbmFtZQY7AFRJ\nIhBTdXBlciBBZG1pbgY7AFQ=\n"], ["cas_ticket", "ST-14382488015370-xoW9DjUkSEBgoVBktOepFt4JSb6UIA9aflUgdNkf"], ["updated_at", "2015-07-30 09:33:21.577560"], ["id", 3]]
  [1m[36m (8.2ms)[0m  [1mCOMMIT[0m


Started GET "/" for 127.0.0.1 at 2015-07-30 15:03:21 +0530
Processing by HomeController#index as HTML
  [1m[35mRackCAS::ActiveRecordStore::Session Load (0.3ms)[0m  SELECT  "sessions".* FROM "sessions" WHERE "sessions"."session_id" = $1  ORDER BY "sessions"."id" ASC LIMIT 1  [["session_id", "97005981105fdd7a622249cc1fa86ff9"]]
  Rendered home/index.html.erb within layouts/application (1.1ms)
Completed 200 OK in 17ms (Views: 15.4ms | ActiveRecord: 0.3ms)
  [1m[36mCACHE (0.0ms)[0m  [1mSELECT  "sessions".* FROM "sessions" WHERE "sessions"."session_id" = $1  ORDER BY "sessions"."id" ASC LIMIT 1[0m  [["session_id", "97005981105fdd7a622249cc1fa86ff9"]]
  [1m[35m (0.2ms)[0m  BEGIN
  [1m[36mSQL (0.3ms)[0m  [1mUPDATE "sessions" SET "data" = $1, "updated_at" = $2 WHERE "sessions"."id" = $3[0m  [["data", "BAh7B0kiCGNhcwY6BkVUQzotQWN0aXZlU3VwcG9ydDo6SGFzaFdpdGhJbmRp\nZmZlcmVudEFjY2Vzc3sISSIJdXNlcgY7AFRJIh9zdXBlcmFkbWluQHZha2ls\nc2VhcmNoLmNvbQY7AFRJIgt0aWNrZXQGOwBUSSI/U1QtMTQzODI0ODgwMTUz\nNzAteG9XOURqVWtTRUJnb1ZCa3RPZXBGdDRKU2I2VUlBOWFmbFVnZE5rZgY7\nAFRJIhVleHRyYV9hdHRyaWJ1dGVzBjsAVEM7BnsHSSIKZW1haWwGOwBUSSIf\nc3VwZXJhZG1pbkB2YWtpbHNlYXJjaC5jb20GOwBUSSINZnVsbG5hbWUGOwBU\nSSIQU3VwZXIgQWRtaW4GOwBUSSIQX2NzcmZfdG9rZW4GOwBGSSIxeDZXRDls\nQWYrOUFWOWl4aWJuRDJWSzJqQjlldWZncVFhQUxReGlwZ1VsST0GOwBG\n"], ["updated_at", "2015-07-30 09:33:21.613633"], ["id", 3]]
  [1m[35m (5.8ms)[0m  COMMIT


Started GET "/" for 127.0.0.1 at 2015-07-30 15:04:15 +0530
  [1m[36mActiveRecord::SchemaMigration Load (0.3ms)[0m  [1mSELECT "schema_migrations".* FROM "schema_migrations"[0m
Processing by HomeController#index as HTML
  [1m[35mRackCAS::ActiveRecordStore::Session Load (0.3ms)[0m  SELECT  "sessions".* FROM "sessions" WHERE "sessions"."session_id" = $1  ORDER BY "sessions"."id" ASC LIMIT 1  [["session_id", "97005981105fdd7a622249cc1fa86ff9"]]
  Rendered home/index.html.erb within layouts/application (1.3ms)
Completed 200 OK in 166ms (Views: 155.6ms | ActiveRecord: 2.1ms)
  [1m[36mCACHE (0.0ms)[0m  [1mSELECT  "sessions".* FROM "sessions" WHERE "sessions"."session_id" = $1  ORDER BY "sessions"."id" ASC LIMIT 1[0m  [["session_id", "97005981105fdd7a622249cc1fa86ff9"]]
  [1m[35m (0.1ms)[0m  BEGIN
  [1m[36m (0.1ms)[0m  [1mCOMMIT[0m


Started GET "/assets/home.self-e3b0c44298fc1c149afbf4c8996fb92427ae41e4649b934ca495991b7852b855.css?body=1" for 127.0.0.1 at 2015-07-30 15:04:15 +0530


Started GET "/assets/turbolinks.self-c37727e9bd6b2735da5c311aa83fead54ed0be6cc8bd9a65309e9c5abe2cbfff.js?body=1" for 127.0.0.1 at 2015-07-30 15:04:15 +0530


Started GET "/assets/jquery_ujs.self-ca5248a2fad13d6bd58ea121318d642f195f0b2dd818b30615f785ff365e8d1f.js?body=1" for 127.0.0.1 at 2015-07-30 15:04:15 +0530


Started GET "/assets/jquery.self-d03a5518f45df77341bdbe6201ba3bfa547ebba8ed64f0ea56bfa5f96ea7c074.js?body=1" for 127.0.0.1 at 2015-07-30 15:04:15 +0530


Started GET "/assets/application.self-e80e8f2318043e8af94dddc2adad5a4f09739a8ebb323b3ab31cd71d45fd9113.css?body=1" for 127.0.0.1 at 2015-07-30 15:04:15 +0530


Started GET "/assets/home.self-877aef30ae1b040ab8a3aba4e3e309a11d7f2612f44dde450b5c157aa5f95c05.js?body=1" for 127.0.0.1 at 2015-07-30 15:04:15 +0530


Started GET "/assets/application.self-3b8dabdc891efe46b9a144b400ad69e37d7e5876bdc39dee783419a69d7ca819.js?body=1" for 127.0.0.1 at 2015-07-30 15:04:15 +0530


Started GET "/logout" for 127.0.0.1 at 2015-07-30 15:04:18 +0530
  [1m[35mRackCAS::ActiveRecordStore::Session Load (0.3ms)[0m  SELECT  "sessions".* FROM "sessions" WHERE "sessions"."session_id" = $1  ORDER BY "sessions"."id" ASC LIMIT 1  [["session_id", "97005981105fdd7a622249cc1fa86ff9"]]
  [1m[36mCACHE (0.0ms)[0m  [1mSELECT  "sessions".* FROM "sessions" WHERE "sessions"."session_id" = $1  ORDER BY "sessions"."id" ASC LIMIT 1[0m  [["session_id", "97005981105fdd7a622249cc1fa86ff9"]]
  [1m[35m (0.1ms)[0m  BEGIN
  [1m[36mSQL (0.2ms)[0m  [1mUPDATE "sessions" SET "data" = $1, "cas_ticket" = $2, "updated_at" = $3 WHERE "sessions"."id" = $4[0m  [["data", "BAh7AA==\n"], ["cas_ticket", nil], ["updated_at", "2015-07-30 09:34:18.073310"], ["id", 3]]
  [1m[35m (8.9ms)[0m  COMMIT


Started GET "/logout" for 127.0.0.1 at 2015-07-30 15:04:18 +0530
  [1m[36mRackCAS::ActiveRecordStore::Session Load (0.4ms)[0m  [1mSELECT  "sessions".* FROM "sessions" WHERE "sessions"."session_id" = $1  ORDER BY "sessions"."id" ASC LIMIT 1[0m  [["session_id", "97005981105fdd7a622249cc1fa86ff9"]]
  [1m[35mCACHE (0.0ms)[0m  SELECT  "sessions".* FROM "sessions" WHERE "sessions"."session_id" = $1  ORDER BY "sessions"."id" ASC LIMIT 1  [["session_id", "97005981105fdd7a622249cc1fa86ff9"]]
  [1m[36m (0.1ms)[0m  [1mBEGIN[0m
  [1m[35m (0.1ms)[0m  COMMIT


Started POST "/" for 127.0.0.1 at 2015-07-30 15:04:18 +0530
  [1m[36mSQL (0.2ms)[0m  [1mDELETE FROM "sessions" WHERE "sessions"."cas_ticket" = $1[0m  [["cas_ticket", "ST-14382488015370-xoW9DjUkSEBgoVBktOepFt4JSb6UIA9aflUgdNkf"]]


Started GET "/" for 127.0.0.1 at 2015-07-30 15:04:39 +0530
Processing by HomeController#index as HTML
  [1m[35mRackCAS::ActiveRecordStore::Session Load (0.3ms)[0m  SELECT  "sessions".* FROM "sessions" WHERE "sessions"."session_id" = $1  ORDER BY "sessions"."id" ASC LIMIT 1  [["session_id", "97005981105fdd7a622249cc1fa86ff9"]]
  Rendered text template (0.0ms)
Filter chain halted as :ensure_loggedin rendered or redirected
Completed 401 Unauthorized in 2ms (Views: 0.6ms | ActiveRecord: 0.3ms)
  [1m[36mCACHE (0.0ms)[0m  [1mSELECT  "sessions".* FROM "sessions" WHERE "sessions"."session_id" = $1  ORDER BY "sessions"."id" ASC LIMIT 1[0m  [["session_id", "97005981105fdd7a622249cc1fa86ff9"]]
  [1m[35m (0.1ms)[0m  BEGIN
  [1m[36m (0.1ms)[0m  [1mCOMMIT[0m


Started GET "/?ticket=ST-14382488798387-sAhP6qh8n4nwWHQeRxsh23iMGdYwWmBElA85jih9" for 127.0.0.1 at 2015-07-30 15:04:39 +0530
  [1m[35mRackCAS::ActiveRecordStore::Session Load (0.3ms)[0m  SELECT  "sessions".* FROM "sessions" WHERE "sessions"."session_id" = $1  ORDER BY "sessions"."id" ASC LIMIT 1  [["session_id", "97005981105fdd7a622249cc1fa86ff9"]]
  [1m[36mCACHE (0.0ms)[0m  [1mSELECT  "sessions".* FROM "sessions" WHERE "sessions"."session_id" = $1  ORDER BY "sessions"."id" ASC LIMIT 1[0m  [["session_id", "97005981105fdd7a622249cc1fa86ff9"]]
  [1m[35m (0.1ms)[0m  BEGIN
  [1m[36mSQL (0.3ms)[0m  [1mUPDATE "sessions" SET "data" = $1, "cas_ticket" = $2, "updated_at" = $3 WHERE "sessions"."id" = $4[0m  [["data", "BAh7BkkiCGNhcwY6BkVUewhJIgl1c2VyBjsAVEkiH3N1cGVyYWRtaW5AdmFr\naWxzZWFyY2guY29tBjsAVEkiC3RpY2tldAY7AFRJIj9TVC0xNDM4MjQ4ODc5\nODM4Ny1zQWhQNnFoOG40bndXSFFlUnhzaDIzaU1HZFl3V21CRWxBODVqaWg5\nBjsAVEkiFWV4dHJhX2F0dHJpYnV0ZXMGOwBUewdJIgplbWFpbAY7AFRJIh9z\ndXBlcmFkbWluQHZha2lsc2VhcmNoLmNvbQY7AFRJIg1mdWxsbmFtZQY7AFRJ\nIhBTdXBlciBBZG1pbgY7AFQ=\n"], ["cas_ticket", "ST-14382488798387-sAhP6qh8n4nwWHQeRxsh23iMGdYwWmBElA85jih9"], ["updated_at", "2015-07-30 09:34:39.874601"], ["id", 3]]
  [1m[35m (9.7ms)[0m  COMMIT


Started GET "/" for 127.0.0.1 at 2015-07-30 15:04:39 +0530
Processing by HomeController#index as HTML
  [1m[36mRackCAS::ActiveRecordStore::Session Load (0.3ms)[0m  [1mSELECT  "sessions".* FROM "sessions" WHERE "sessions"."session_id" = $1  ORDER BY "sessions"."id" ASC LIMIT 1[0m  [["session_id", "97005981105fdd7a622249cc1fa86ff9"]]
  Rendered home/index.html.erb within layouts/application (0.4ms)
Completed 200 OK in 14ms (Views: 12.5ms | ActiveRecord: 0.3ms)
  [1m[35mCACHE (0.0ms)[0m  SELECT  "sessions".* FROM "sessions" WHERE "sessions"."session_id" = $1  ORDER BY "sessions"."id" ASC LIMIT 1  [["session_id", "97005981105fdd7a622249cc1fa86ff9"]]
  [1m[36m (0.1ms)[0m  [1mBEGIN[0m
  [1m[35mSQL (0.2ms)[0m  UPDATE "sessions" SET "data" = $1, "updated_at" = $2 WHERE "sessions"."id" = $3  [["data", "BAh7B0kiCGNhcwY6BkVUQzotQWN0aXZlU3VwcG9ydDo6SGFzaFdpdGhJbmRp\nZmZlcmVudEFjY2Vzc3sISSIJdXNlcgY7AFRJIh9zdXBlcmFkbWluQHZha2ls\nc2VhcmNoLmNvbQY7AFRJIgt0aWNrZXQGOwBUSSI/U1QtMTQzODI0ODg3OTgz\nODctc0FoUDZxaDhuNG53V0hRZVJ4c2gyM2lNR2RZd1dtQkVsQTg1amloOQY7\nAFRJIhVleHRyYV9hdHRyaWJ1dGVzBjsAVEM7BnsHSSIKZW1haWwGOwBUSSIf\nc3VwZXJhZG1pbkB2YWtpbHNlYXJjaC5jb20GOwBUSSINZnVsbG5hbWUGOwBU\nSSIQU3VwZXIgQWRtaW4GOwBUSSIQX2NzcmZfdG9rZW4GOwBGSSIxbmFwSUUz\nVmZsUDI1ME9ENm96NzhUSy9JN053dzZ0eDBtSC9LV2FiZ3JWST0GOwBG\n"], ["updated_at", "2015-07-30 09:34:39.906692"], ["id", 3]]
  [1m[36m (2.8ms)[0m  [1mCOMMIT[0m


Started GET "/logout" for 127.0.0.1 at 2015-07-30 15:04:46 +0530
  [1m[35mRackCAS::ActiveRecordStore::Session Load (0.2ms)[0m  SELECT  "sessions".* FROM "sessions" WHERE "sessions"."session_id" = $1  ORDER BY "sessions"."id" ASC LIMIT 1  [["session_id", "97005981105fdd7a622249cc1fa86ff9"]]
  [1m[36mCACHE (0.0ms)[0m  [1mSELECT  "sessions".* FROM "sessions" WHERE "sessions"."session_id" = $1  ORDER BY "sessions"."id" ASC LIMIT 1[0m  [["session_id", "97005981105fdd7a622249cc1fa86ff9"]]
  [1m[35m (0.1ms)[0m  BEGIN
  [1m[36mSQL (0.2ms)[0m  [1mUPDATE "sessions" SET "data" = $1, "cas_ticket" = $2, "updated_at" = $3 WHERE "sessions"."id" = $4[0m  [["data", "BAh7AA==\n"], ["cas_ticket", nil], ["updated_at", "2015-07-30 09:34:46.490669"], ["id", 3]]
  [1m[35m (19.8ms)[0m  COMMIT


Started GET "/logout" for 127.0.0.1 at 2015-07-30 15:04:46 +0530
  [1m[36mRackCAS::ActiveRecordStore::Session Load (0.2ms)[0m  [1mSELECT  "sessions".* FROM "sessions" WHERE "sessions"."session_id" = $1  ORDER BY "sessions"."id" ASC LIMIT 1[0m  [["session_id", "97005981105fdd7a622249cc1fa86ff9"]]
  [1m[35mCACHE (0.0ms)[0m  SELECT  "sessions".* FROM "sessions" WHERE "sessions"."session_id" = $1  ORDER BY "sessions"."id" ASC LIMIT 1  [["session_id", "97005981105fdd7a622249cc1fa86ff9"]]
  [1m[36m (0.1ms)[0m  [1mBEGIN[0m
  [1m[35m (0.1ms)[0m  COMMIT


Started POST "/" for 127.0.0.1 at 2015-07-30 15:04:46 +0530
  [1m[36mSQL (0.3ms)[0m  [1mDELETE FROM "sessions" WHERE "sessions"."cas_ticket" = $1[0m  [["cas_ticket", "ST-14382488798387-sAhP6qh8n4nwWHQeRxsh23iMGdYwWmBElA85jih9"]]
